<?xml version="1.0" encoding="UTF-8"?>
<testsuite xmlns:xsi="http://www.w3.org/2001/XMLSchema-instance" xsi:noNamespaceSchemaLocation="https://maven.apache.org/surefire/maven-surefire-plugin/xsd/surefire-test-report-3.0.xsd" version="3.0" name="TestRunner.TestRunner" time="7.652" tests="1" errors="0" skipped="0" failures="0">
  <properties>
[...]
</properties>
  <testcase name="[1:7] Fav articles" classname="features/Homework" time="6.944">
    <system-out><![CDATA[10:44:53.149 [main] DEBUG com.jayway.jsonpath.internal.path.CompiledPath - Evaluating path: $
10:44:53.486 [main] DEBUG org.apache.http.client.protocol.RequestAddCookies - CookieSpec selected: karate
10:44:53.490 [main] DEBUG org.apache.http.client.protocol.RequestAuthCache - Auth cache not set in the context
10:44:53.492 [main] DEBUG com.intuit.karate - request:
1 > GET https://conduit-api.bondaracademy.com/api/articles?offset=0&limit=10
1 > Authorization: Token eyJhbGciOiJIUzI1NiIsInR5cCI6IkpXVCJ9.eyJ1c2VyIjp7ImlkIjozMTE3Mn0sImlhdCI6MTc1NDA2MTQ2NiwiZXhwIjoxNzU5MjQ1NDY2fQ.VhzGCDE3SXHkc4SKjt8OwdHVU8A7rNq_zxKV1-NWkJQ
1 > Host: conduit-api.bondaracademy.com
1 > Connection: Keep-Alive
1 > User-Agent: Apache-HttpClient/4.5.12 (Java/21.0.7)
1 > Accept-Encoding: gzip,deflate


10:44:53.493 [main] DEBUG org.apache.http.impl.conn.PoolingHttpClientConnectionManager - Connection request: [route: {s}->https://conduit-api.bondaracademy.com:443][total available: 0; route allocated: 0 of 5; total allocated: 0 of 10]
10:44:53.499 [main] DEBUG org.apache.http.impl.conn.PoolingHttpClientConnectionManager - Connection leased: [id: 0][route: {s}->https://conduit-api.bondaracademy.com:443][total available: 0; route allocated: 1 of 5; total allocated: 1 of 10]
10:44:53.500 [main] DEBUG org.apache.http.impl.execchain.MainClientExec - Opening connection {s}->https://conduit-api.bondaracademy.com:443
10:44:53.619 [main] DEBUG org.apache.http.impl.conn.DefaultHttpClientConnectionOperator - Connecting to conduit-api.bondaracademy.com/172.253.118.121:443
10:44:53.619 [main] DEBUG org.apache.http.conn.ssl.SSLConnectionSocketFactory - Connecting socket to conduit-api.bondaracademy.com/172.253.118.121:443 with timeout 30000
10:44:53.716 [main] DEBUG org.apache.http.conn.ssl.SSLConnectionSocketFactory - Enabled protocols: [TLSv1.3, TLSv1.2]
10:44:53.717 [main] DEBUG org.apache.http.conn.ssl.SSLConnectionSocketFactory - Enabled cipher suites:[TLS_AES_256_GCM_SHA384, TLS_AES_128_GCM_SHA256, TLS_CHACHA20_POLY1305_SHA256, TLS_ECDHE_ECDSA_WITH_AES_256_GCM_SHA384, TLS_ECDHE_ECDSA_WITH_AES_128_GCM_SHA256, TLS_ECDHE_ECDSA_WITH_CHACHA20_POLY1305_SHA256, TLS_ECDHE_RSA_WITH_AES_256_GCM_SHA384, TLS_ECDHE_RSA_WITH_CHACHA20_POLY1305_SHA256, TLS_ECDHE_RSA_WITH_AES_128_GCM_SHA256, TLS_DHE_RSA_WITH_AES_256_GCM_SHA384, TLS_DHE_RSA_WITH_CHACHA20_POLY1305_SHA256, TLS_DHE_DSS_WITH_AES_256_GCM_SHA384, TLS_DHE_RSA_WITH_AES_128_GCM_SHA256, TLS_DHE_DSS_WITH_AES_128_GCM_SHA256, TLS_ECDHE_ECDSA_WITH_AES_256_CBC_SHA384, TLS_ECDHE_RSA_WITH_AES_256_CBC_SHA384, TLS_ECDHE_ECDSA_WITH_AES_128_CBC_SHA256, TLS_ECDHE_RSA_WITH_AES_128_CBC_SHA256, TLS_DHE_RSA_WITH_AES_256_CBC_SHA256, TLS_DHE_DSS_WITH_AES_256_CBC_SHA256, TLS_DHE_RSA_WITH_AES_128_CBC_SHA256, TLS_DHE_DSS_WITH_AES_128_CBC_SHA256, TLS_ECDHE_ECDSA_WITH_AES_256_CBC_SHA, TLS_ECDHE_RSA_WITH_AES_256_CBC_SHA, TLS_ECDHE_ECDSA_WITH_AES_128_CBC_SHA, TLS_ECDHE_RSA_WITH_AES_128_CBC_SHA, TLS_DHE_RSA_WITH_AES_256_CBC_SHA, TLS_DHE_DSS_WITH_AES_256_CBC_SHA, TLS_DHE_RSA_WITH_AES_128_CBC_SHA, TLS_DHE_DSS_WITH_AES_128_CBC_SHA, TLS_RSA_WITH_AES_256_GCM_SHA384, TLS_RSA_WITH_AES_128_GCM_SHA256, TLS_RSA_WITH_AES_256_CBC_SHA256, TLS_RSA_WITH_AES_128_CBC_SHA256, TLS_RSA_WITH_AES_256_CBC_SHA, TLS_RSA_WITH_AES_128_CBC_SHA, TLS_EMPTY_RENEGOTIATION_INFO_SCSV]
10:44:53.717 [main] DEBUG org.apache.http.conn.ssl.SSLConnectionSocketFactory - Starting handshake
10:44:53.902 [main] DEBUG org.apache.http.conn.ssl.SSLConnectionSocketFactory - Secure session established
10:44:53.903 [main] DEBUG org.apache.http.conn.ssl.SSLConnectionSocketFactory -  negotiated protocol: TLSv1.3
10:44:53.903 [main] DEBUG org.apache.http.conn.ssl.SSLConnectionSocketFactory -  negotiated cipher suite: TLS_AES_256_GCM_SHA384
10:44:53.903 [main] DEBUG org.apache.http.conn.ssl.SSLConnectionSocketFactory -  peer principal: CN=conduit-api.bondaracademy.com
10:44:53.903 [main] DEBUG org.apache.http.conn.ssl.SSLConnectionSocketFactory -  peer alternative names: [conduit-api.bondaracademy.com]
10:44:53.903 [main] DEBUG org.apache.http.conn.ssl.SSLConnectionSocketFactory -  issuer principal: CN=WR3, O=Google Trust Services, C=US
10:44:53.906 [main] DEBUG org.apache.http.impl.conn.DefaultHttpClientConnectionOperator - Connection established 9.79.238.166:63971<->172.253.118.121:443
10:44:53.906 [main] DEBUG org.apache.http.impl.conn.DefaultManagedHttpClientConnection - http-outgoing-0: set socket timeout to 30000
10:44:53.906 [main] DEBUG org.apache.http.impl.execchain.MainClientExec - Executing request GET /api/articles?offset=0&limit=10 HTTP/1.1
10:44:53.906 [main] DEBUG org.apache.http.impl.execchain.MainClientExec - Proxy auth state: UNCHALLENGED
10:44:53.907 [main] DEBUG org.apache.http.headers - http-outgoing-0 >> GET /api/articles?offset=0&limit=10 HTTP/1.1
10:44:53.907 [main] DEBUG org.apache.http.headers - http-outgoing-0 >> Authorization: Token eyJhbGciOiJIUzI1NiIsInR5cCI6IkpXVCJ9.eyJ1c2VyIjp7ImlkIjozMTE3Mn0sImlhdCI6MTc1NDA2MTQ2NiwiZXhwIjoxNzU5MjQ1NDY2fQ.VhzGCDE3SXHkc4SKjt8OwdHVU8A7rNq_zxKV1-NWkJQ
10:44:53.907 [main] DEBUG org.apache.http.headers - http-outgoing-0 >> Host: conduit-api.bondaracademy.com
10:44:53.907 [main] DEBUG org.apache.http.headers - http-outgoing-0 >> Connection: Keep-Alive
10:44:53.907 [main] DEBUG org.apache.http.headers - http-outgoing-0 >> User-Agent: Apache-HttpClient/4.5.12 (Java/21.0.7)
10:44:53.907 [main] DEBUG org.apache.http.headers - http-outgoing-0 >> Accept-Encoding: gzip,deflate
10:44:53.907 [main] DEBUG org.apache.http.wire - http-outgoing-0 >> "GET /api/articles?offset=0&limit=10 HTTP/1.1[\r][\n]"
10:44:53.907 [main] DEBUG org.apache.http.wire - http-outgoing-0 >> "Authorization: Token eyJhbGciOiJIUzI1NiIsInR5cCI6IkpXVCJ9.eyJ1c2VyIjp7ImlkIjozMTE3Mn0sImlhdCI6MTc1NDA2MTQ2NiwiZXhwIjoxNzU5MjQ1NDY2fQ.VhzGCDE3SXHkc4SKjt8OwdHVU8A7rNq_zxKV1-NWkJQ[\r][\n]"
10:44:53.907 [main] DEBUG org.apache.http.wire - http-outgoing-0 >> "Host: conduit-api.bondaracademy.com[\r][\n]"
10:44:53.907 [main] DEBUG org.apache.http.wire - http-outgoing-0 >> "Connection: Keep-Alive[\r][\n]"
10:44:53.907 [main] DEBUG org.apache.http.wire - http-outgoing-0 >> "User-Agent: Apache-HttpClient/4.5.12 (Java/21.0.7)[\r][\n]"
10:44:53.907 [main] DEBUG org.apache.http.wire - http-outgoing-0 >> "Accept-Encoding: gzip,deflate[\r][\n]"
10:44:53.907 [main] DEBUG org.apache.http.wire - http-outgoing-0 >> "[\r][\n]"
10:44:54.688 [main] DEBUG org.apache.http.wire - http-outgoing-0 << "HTTP/1.1 200 OK[\r][\n]"
10:44:54.688 [main] DEBUG org.apache.http.wire - http-outgoing-0 << "x-powered-by: Express[\r][\n]"
10:44:54.688 [main] DEBUG org.apache.http.wire - http-outgoing-0 << "vary: Origin[\r][\n]"
10:44:54.688 [main] DEBUG org.apache.http.wire - http-outgoing-0 << "content-type: application/json; charset=utf-8[\r][\n]"
10:44:54.688 [main] DEBUG org.apache.http.wire - http-outgoing-0 << "etag: W/"10f4-MyIeo9EcBF/c9QdR2oVeRjuxF3I"[\r][\n]"
10:44:54.688 [main] DEBUG org.apache.http.wire - http-outgoing-0 << "x-cloud-trace-context: c85e43d6f46c2bc1a8833a6c9d7c672f;o=1[\r][\n]"
10:44:54.688 [main] DEBUG org.apache.http.wire - http-outgoing-0 << "date: Mon, 04 Aug 2025 05:14:55 GMT[\r][\n]"
10:44:54.688 [main] DEBUG org.apache.http.wire - http-outgoing-0 << "server: Google Frontend[\r][\n]"
10:44:54.688 [main] DEBUG org.apache.http.wire - http-outgoing-0 << "Content-Length: 4340[\r][\n]"
10:44:54.688 [main] DEBUG org.apache.http.wire - http-outgoing-0 << "[\r][\n]"
10:44:54.689 [main] DEBUG org.apache.http.wire - http-outgoing-0 << "{"articles":[{"slug":"Ben-Blackthumb-31172","title":"Ben Blackthumb","description":"Qarth","body":"Fear cuts deeper than swords.","tagList":[],"createdAt":"2025-08-01T14:50:41.688Z","updatedAt":"2025-08-01T14:50:41.688Z","favorited":true,"favoritesCount":1,"author":{"username":"KarateTestDemo","bio":null,"image":"https://conduit-api.bondaracademy.com/images/smiley-cyrus.jpeg","following":false}},{"slug":"Gormon-Tyrell-31172","title":"Gormon Tyrell","description":"Tyrosh","body":"... a mind needs books as a sword needs a whetstone, if it is to keep its edge.","tagList":[],"createdAt":"2025-08-01T14:49:00.478Z","updatedAt":"2025-08-01T14:49:00.478Z","favorited":true,"favoritesCount":1,"author":{"username":"KarateTestDemo","bio":null,"image":"https://conduit-api.bondaracademy.com/images/smiley-cyrus.jpeg","following":false}},{"slug":"Manfred-Lothston-31172","title":"Manfred Lothston","description":"Chroyane","body":"Power is a curious thing. Who lives, Who dies. Power resides where men believe it resides. It is a trick, A shadow on the wall.","tagList":[],"createdAt":"2025-08-01T14:45:18.325Z","updated"
10:44:54.690 [main] DEBUG org.apache.http.headers - http-outgoing-0 << HTTP/1.1 200 OK
10:44:54.690 [main] DEBUG org.apache.http.headers - http-outgoing-0 << x-powered-by: Express
10:44:54.690 [main] DEBUG org.apache.http.headers - http-outgoing-0 << vary: Origin
10:44:54.690 [main] DEBUG org.apache.http.headers - http-outgoing-0 << content-type: application/json; charset=utf-8
10:44:54.690 [main] DEBUG org.apache.http.headers - http-outgoing-0 << etag: W/"10f4-MyIeo9EcBF/c9QdR2oVeRjuxF3I"
10:44:54.690 [main] DEBUG org.apache.http.headers - http-outgoing-0 << x-cloud-trace-context: c85e43d6f46c2bc1a8833a6c9d7c672f;o=1
10:44:54.690 [main] DEBUG org.apache.http.headers - http-outgoing-0 << date: Mon, 04 Aug 2025 05:14:55 GMT
10:44:54.690 [main] DEBUG org.apache.http.headers - http-outgoing-0 << server: Google Frontend
10:44:54.690 [main] DEBUG org.apache.http.headers - http-outgoing-0 << Content-Length: 4340
10:44:54.693 [main] DEBUG org.apache.http.impl.execchain.MainClientExec - Connection can be kept alive indefinitely
10:44:54.694 [main] DEBUG org.apache.http.wire - http-outgoing-0 << "At":"2025-08-01T14:45:18.325Z","favorited":false,"favoritesCount":0,"author":{"username":"KarateTestDemo","bio":null,"image":"https://conduit-api.bondaracademy.com/images/smiley-cyrus.jpeg","following":false}},{"slug":"Archibald-Yronwood-31172","title":"Archibald Yronwood","description":"Braavos","body":"Do the dead frighten you?","tagList":[],"createdAt":"2025-08-01T14:44:50.937Z","updatedAt":"2025-08-01T14:44:50.937Z","favorited":false,"favoritesCount":0,"author":{"username":"KarateTestDemo","bio":null,"image":"https://conduit-api.bondaracademy.com/images/smiley-cyrus.jpeg","following":false}},{"slug":"Belgrave-31172","title":"Belgrave","description":"Vaes Dothrak","body":"... a mind needs books as a sword needs a whetstone, if it is to keep its edge.","tagList":[],"createdAt":"2025-08-01T14:43:19.800Z","updatedAt":"2025-08-01T14:43:19.800Z","favorited":false,"favoritesCount":0,"author":{"username":"KarateTestDemo","bio":null,"image":"https://conduit-api.bondaracademy.com/images/smiley-cyrus.jpeg","followin"
10:44:54.694 [main] DEBUG org.apache.http.wire - http-outgoing-0 << "g":false}},{"slug":"Mebble-31172","title":"Mebble","description":"Astapor","body":"Do the dead frighten you?","tagList":[],"createdAt":"2025-08-01T12:54:57.260Z","updatedAt":"2025-08-01T12:54:57.260Z","favorited":false,"favoritesCount":0,"author":{"username":"KarateTestDemo","bio":null,"image":"https://conduit-api.bondaracademy.com/images/smiley-cyrus.jpeg","following":false}},{"sl"
10:44:54.694 [main] DEBUG org.apache.http.wire - http-outgoing-0 << "ug":"Martyn-Rivers-31172","title":"Martyn Rivers","description":"Ar Noy","body":"Power is a curious thing. Who lives, Who dies. Power resides where men believe it resides. It is a trick, A shadow on the wall.","tagList":[],"createdAt":"2025-08-01T12:51:50.484Z","updatedAt":"2025-08-01T12:51:50.484Z","favorited":false,"favoritesCount":0,"author":{"username":"KarateTestDemo","bio":null,"image":"https://conduit-api.bondaracademy.com/images/smiley-cyrus.jpeg","following":false}},{"slug":"Malcolm-31172","title":"Malcolm","description":"Vaes Dothrak","body":"Things are not always as they seemed, much that may seem evil can be good.","tagList":[],"createdAt":"2025-08-01T12:50:05.335Z","updatedAt":"2025-08-01T12:50:05.335Z","favorited":false,"favoritesCount":0,"author":{"username":"KarateTestDemo","bio":null,"image":"https://conduit-api.bondaracademy.com/images/smiley-cyrus.jpeg","following":false}},{"slug":"Harma-31172","title":"Harma","description":"Tyria","body":"Never forget who you are. The rest of the world won"
10:44:54.695 [main] DEBUG org.apache.http.wire - http-outgoing-0 << "'t. Wear it like an armor and it can never be used against you.","tagList":[],"createdAt":"2025-08-01T12:03:21.109Z","updatedAt":"2025-08-01T12:03:21.109Z","favorited":false,"favoritesCount":0,"author":{"username":"KarateTestDemo","bio":null,"image":"https://conduit-api.bondaracademy.com/images/smiley-cyrus.jpeg","following":false}},{"slug":"Alester-Oakheart-31172","title":"Alester"
10:44:54.695 [main] DEBUG org.apache.http.wire - http-outgoing-0 << " Oakheart","description":"Lannisport","body":"Knowledge could be more valuable than gold, more deadly than a dagger.","tagList":[],"createdAt":"2025-08-01T12:01:22."
10:44:54.695 [main] DEBUG org.apache.http.wire - http-outgoing-0 << "691Z","updatedAt":"2025-08-01T12:01:22.691Z","favorited":false,"favoritesCount":0,"author":{"username":"KarateTestDemo","bio":null,"image":"https://conduit-api.bondaracademy.com/images/smiley-cyrus.jpeg","following":false}}],"articlesCount":21}"
10:44:54.695 [main] DEBUG org.apache.http.impl.conn.PoolingHttpClientConnectionManager - Connection [id: 0][route: {s}->https://conduit-api.bondaracademy.com:443] can be kept alive indefinitely
10:44:54.695 [main] DEBUG org.apache.http.impl.conn.DefaultManagedHttpClientConnection - http-outgoing-0: set socket timeout to 0
10:44:54.695 [main] DEBUG org.apache.http.impl.conn.PoolingHttpClientConnectionManager - Connection released: [id: 0][route: {s}->https://conduit-api.bondaracademy.com:443][total available: 1; route allocated: 1 of 5; total allocated: 1 of 10]
10:44:54.695 [main] DEBUG org.apache.http.impl.conn.PoolingHttpClientConnectionManager - Connection manager is shutting down
10:44:54.695 [main] DEBUG org.apache.http.impl.conn.DefaultManagedHttpClientConnection - http-outgoing-0: Close connection
10:44:54.697 [main] DEBUG org.apache.http.impl.conn.PoolingHttpClientConnectionManager - Connection manager shut down
10:44:54.700 [main] DEBUG com.intuit.karate - response time in milliseconds: 1202
1 < 200
1 < x-powered-by: Express
1 < vary: Origin
1 < content-type: application/json; charset=utf-8
1 < etag: W/"10f4-MyIeo9EcBF/c9QdR2oVeRjuxF3I"
1 < x-cloud-trace-context: c85e43d6f46c2bc1a8833a6c9d7c672f;o=1
1 < date: Mon, 04 Aug 2025 05:14:55 GMT
1 < server: Google Frontend
1 < Content-Length: 4340
{"articles":[{"slug":"Ben-Blackthumb-31172","title":"Ben Blackthumb","description":"Qarth","body":"Fear cuts deeper than swords.","tagList":[],"createdAt":"2025-08-01T14:50:41.688Z","updatedAt":"2025-08-01T14:50:41.688Z","favorited":true,"favoritesCount":1,"author":{"username":"KarateTestDemo","bio":null,"image":"https://conduit-api.bondaracademy.com/images/smiley-cyrus.jpeg","following":false}},{"slug":"Gormon-Tyrell-31172","title":"Gormon Tyrell","description":"Tyrosh","body":"... a mind needs books as a sword needs a whetstone, if it is to keep its edge.","tagList":[],"createdAt":"2025-08-01T14:49:00.478Z","updatedAt":"2025-08-01T14:49:00.478Z","favorited":true,"favoritesCount":1,"author":{"username":"KarateTestDemo","bio":null,"image":"https://conduit-api.bondaracademy.com/images/smiley-cyrus.jpeg","following":false}},{"slug":"Manfred-Lothston-31172","title":"Manfred Lothston","description":"Chroyane","body":"Power is a curious thing. Who lives, Who dies. Power resides where men believe it resides. It is a trick, A shadow on the wall.","tagList":[],"createdAt":"2025-08-01T14:45:18.325Z","updatedAt":"2025-08-01T14:45:18.325Z","favorited":false,"favoritesCount":0,"author":{"username":"KarateTestDemo","bio":null,"image":"https://conduit-api.bondaracademy.com/images/smiley-cyrus.jpeg","following":false}},{"slug":"Archibald-Yronwood-31172","title":"Archibald Yronwood","description":"Braavos","body":"Do the dead frighten you?","tagList":[],"createdAt":"2025-08-01T14:44:50.937Z","updatedAt":"2025-08-01T14:44:50.937Z","favorited":false,"favoritesCount":0,"author":{"username":"KarateTestDemo","bio":null,"image":"https://conduit-api.bondaracademy.com/images/smiley-cyrus.jpeg","following":false}},{"slug":"Belgrave-31172","title":"Belgrave","description":"Vaes Dothrak","body":"... a mind needs books as a sword needs a whetstone, if it is to keep its edge.","tagList":[],"createdAt":"2025-08-01T14:43:19.800Z","updatedAt":"2025-08-01T14:43:19.800Z","favorited":false,"favoritesCount":0,"author":{"username":"KarateTestDemo","bio":null,"image":"https://conduit-api.bondaracademy.com/images/smiley-cyrus.jpeg","following":false}},{"slug":"Mebble-31172","title":"Mebble","description":"Astapor","body":"Do the dead frighten you?","tagList":[],"createdAt":"2025-08-01T12:54:57.260Z","updatedAt":"2025-08-01T12:54:57.260Z","favorited":false,"favoritesCount":0,"author":{"username":"KarateTestDemo","bio":null,"image":"https://conduit-api.bondaracademy.com/images/smiley-cyrus.jpeg","following":false}},{"slug":"Martyn-Rivers-31172","title":"Martyn Rivers","description":"Ar Noy","body":"Power is a curious thing. Who lives, Who dies. Power resides where men believe it resides. It is a trick, A shadow on the wall.","tagList":[],"createdAt":"2025-08-01T12:51:50.484Z","updatedAt":"2025-08-01T12:51:50.484Z","favorited":false,"favoritesCount":0,"author":{"username":"KarateTestDemo","bio":null,"image":"https://conduit-api.bondaracademy.com/images/smiley-cyrus.jpeg","following":false}},{"slug":"Malcolm-31172","title":"Malcolm","description":"Vaes Dothrak","body":"Things are not always as they seemed, much that may seem evil can be good.","tagList":[],"createdAt":"2025-08-01T12:50:05.335Z","updatedAt":"2025-08-01T12:50:05.335Z","favorited":false,"favoritesCount":0,"author":{"username":"KarateTestDemo","bio":null,"image":"https://conduit-api.bondaracademy.com/images/smiley-cyrus.jpeg","following":false}},{"slug":"Harma-31172","title":"Harma","description":"Tyria","body":"Never forget who you are. The rest of the world won't. Wear it like an armor and it can never be used against you.","tagList":[],"createdAt":"2025-08-01T12:03:21.109Z","updatedAt":"2025-08-01T12:03:21.109Z","favorited":false,"favoritesCount":0,"author":{"username":"KarateTestDemo","bio":null,"image":"https://conduit-api.bondaracademy.com/images/smiley-cyrus.jpeg","following":false}},{"slug":"Alester-Oakheart-31172","title":"Alester Oakheart","description":"Lannisport","body":"Knowledge could be more valuable than gold, more deadly than a dagger.","tagList":[],"createdAt":"2025-08-01T12:01:22.691Z","updatedAt":"2025-08-01T12:01:22.691Z","favorited":false,"favoritesCount":0,"author":{"username":"KarateTestDemo","bio":null,"image":"https://conduit-api.bondaracademy.com/images/smiley-cyrus.jpeg","following":false}}],"articlesCount":21}

10:44:54.766 [main] DEBUG com.jayway.jsonpath.internal.path.CompiledPath - Evaluating path: $
10:44:54.799 [main] DEBUG io.netty.util.internal.logging.InternalLoggerFactory - Using SLF4J as the default logging framework
10:44:54.802 [main] DEBUG io.netty.util.internal.PlatformDependent0 - -Dio.netty.noUnsafe: false
10:44:54.802 [main] DEBUG io.netty.util.internal.PlatformDependent0 - Java version: 21
10:44:54.802 [main] DEBUG io.netty.util.internal.PlatformDependent0 - sun.misc.Unsafe.theUnsafe: available
10:44:54.803 [main] DEBUG io.netty.util.internal.PlatformDependent0 - sun.misc.Unsafe.copyMemory: available
10:44:54.803 [main] DEBUG io.netty.util.internal.PlatformDependent0 - sun.misc.Unsafe.storeFence: available
10:44:54.804 [main] DEBUG io.netty.util.internal.PlatformDependent0 - java.nio.Buffer.address: available
10:44:54.804 [main] DEBUG io.netty.util.internal.PlatformDependent0 - direct buffer constructor: unavailable: Reflective setAccessible(true) disabled
10:44:54.804 [main] DEBUG io.netty.util.internal.PlatformDependent0 - java.nio.Bits.unaligned: available, true
10:44:54.805 [main] DEBUG io.netty.util.internal.PlatformDependent0 - jdk.internal.misc.Unsafe.allocateUninitializedArray(int): unavailable: class io.netty.util.internal.PlatformDependent0$7 cannot access class jdk.internal.misc.Unsafe (in module java.base) because module java.base does not export jdk.internal.misc to unnamed module @5579bb86
10:44:54.807 [main] DEBUG io.netty.util.internal.PlatformDependent0 - java.nio.DirectByteBuffer.<init>(long, {int,long}): unavailable
10:44:54.808 [main] DEBUG io.netty.util.internal.PlatformDependent - sun.misc.Unsafe: available
10:44:54.811 [main] DEBUG io.netty.util.internal.PlatformDependent - maxDirectMemory: 4150263808 bytes (maybe)
10:44:54.811 [main] DEBUG io.netty.util.internal.PlatformDependent - -Dio.netty.tmpdir: C:\Users\VENKAT~1\AppData\Local\Temp (java.io.tmpdir)
10:44:54.811 [main] DEBUG io.netty.util.internal.PlatformDependent - -Dio.netty.bitMode: 64 (sun.arch.data.model)
10:44:54.811 [main] DEBUG io.netty.util.internal.PlatformDependent - Platform: Windows
10:44:54.812 [main] DEBUG io.netty.util.internal.PlatformDependent - -Dio.netty.maxDirectMemory: -1 bytes
10:44:54.813 [main] DEBUG io.netty.util.internal.PlatformDependent - -Dio.netty.uninitializedArrayAllocationThreshold: -1
10:44:54.814 [main] DEBUG io.netty.util.internal.CleanerJava9 - java.nio.ByteBuffer.cleaner(): available
10:44:54.814 [main] DEBUG io.netty.util.internal.PlatformDependent - -Dio.netty.noPreferDirect: false
10:44:54.819 [main] DEBUG org.apache.http.client.protocol.RequestAddCookies - CookieSpec selected: karate
10:44:54.819 [main] DEBUG org.apache.http.client.protocol.RequestAuthCache - Auth cache not set in the context
10:44:54.819 [main] DEBUG com.intuit.karate - request:
2 > POST https://conduit-api.bondaracademy.com/api/articles/Ben-Blackthumb-31172/favorite
2 > Authorization: Token eyJhbGciOiJIUzI1NiIsInR5cCI6IkpXVCJ9.eyJ1c2VyIjp7ImlkIjozMTE3Mn0sImlhdCI6MTc1NDA2MTQ2NiwiZXhwIjoxNzU5MjQ1NDY2fQ.VhzGCDE3SXHkc4SKjt8OwdHVU8A7rNq_zxKV1-NWkJQ
2 > Content-Type: application/json; charset=UTF-8
2 > Content-Length: 2
2 > Host: conduit-api.bondaracademy.com
2 > Connection: Keep-Alive
2 > User-Agent: Apache-HttpClient/4.5.12 (Java/21.0.7)
2 > Accept-Encoding: gzip,deflate
{}

10:44:54.819 [main] DEBUG org.apache.http.impl.conn.PoolingHttpClientConnectionManager - Connection request: [route: {s}->https://conduit-api.bondaracademy.com:443][total available: 0; route allocated: 0 of 5; total allocated: 0 of 10]
10:44:54.819 [main] DEBUG org.apache.http.impl.conn.PoolingHttpClientConnectionManager - Connection leased: [id: 1][route: {s}->https://conduit-api.bondaracademy.com:443][total available: 0; route allocated: 1 of 5; total allocated: 1 of 10]
10:44:54.819 [main] DEBUG org.apache.http.impl.execchain.MainClientExec - Opening connection {s}->https://conduit-api.bondaracademy.com:443
10:44:54.819 [main] DEBUG org.apache.http.impl.conn.DefaultHttpClientConnectionOperator - Connecting to conduit-api.bondaracademy.com/172.253.118.121:443
10:44:54.819 [main] DEBUG org.apache.http.conn.ssl.SSLConnectionSocketFactory - Connecting socket to conduit-api.bondaracademy.com/172.253.118.121:443 with timeout 30000
10:44:54.862 [main] DEBUG org.apache.http.conn.ssl.SSLConnectionSocketFactory - Enabled protocols: [TLSv1.3, TLSv1.2]
10:44:54.862 [main] DEBUG org.apache.http.conn.ssl.SSLConnectionSocketFactory - Enabled cipher suites:[TLS_AES_256_GCM_SHA384, TLS_AES_128_GCM_SHA256, TLS_CHACHA20_POLY1305_SHA256, TLS_ECDHE_ECDSA_WITH_AES_256_GCM_SHA384, TLS_ECDHE_ECDSA_WITH_AES_128_GCM_SHA256, TLS_ECDHE_ECDSA_WITH_CHACHA20_POLY1305_SHA256, TLS_ECDHE_RSA_WITH_AES_256_GCM_SHA384, TLS_ECDHE_RSA_WITH_CHACHA20_POLY1305_SHA256, TLS_ECDHE_RSA_WITH_AES_128_GCM_SHA256, TLS_DHE_RSA_WITH_AES_256_GCM_SHA384, TLS_DHE_RSA_WITH_CHACHA20_POLY1305_SHA256, TLS_DHE_DSS_WITH_AES_256_GCM_SHA384, TLS_DHE_RSA_WITH_AES_128_GCM_SHA256, TLS_DHE_DSS_WITH_AES_128_GCM_SHA256, TLS_ECDHE_ECDSA_WITH_AES_256_CBC_SHA384, TLS_ECDHE_RSA_WITH_AES_256_CBC_SHA384, TLS_ECDHE_ECDSA_WITH_AES_128_CBC_SHA256, TLS_ECDHE_RSA_WITH_AES_128_CBC_SHA256, TLS_DHE_RSA_WITH_AES_256_CBC_SHA256, TLS_DHE_DSS_WITH_AES_256_CBC_SHA256, TLS_DHE_RSA_WITH_AES_128_CBC_SHA256, TLS_DHE_DSS_WITH_AES_128_CBC_SHA256, TLS_ECDHE_ECDSA_WITH_AES_256_CBC_SHA, TLS_ECDHE_RSA_WITH_AES_256_CBC_SHA, TLS_ECDHE_ECDSA_WITH_AES_128_CBC_SHA, TLS_ECDHE_RSA_WITH_AES_128_CBC_SHA, TLS_DHE_RSA_WITH_AES_256_CBC_SHA, TLS_DHE_DSS_WITH_AES_256_CBC_SHA, TLS_DHE_RSA_WITH_AES_128_CBC_SHA, TLS_DHE_DSS_WITH_AES_128_CBC_SHA, TLS_RSA_WITH_AES_256_GCM_SHA384, TLS_RSA_WITH_AES_128_GCM_SHA256, TLS_RSA_WITH_AES_256_CBC_SHA256, TLS_RSA_WITH_AES_128_CBC_SHA256, TLS_RSA_WITH_AES_256_CBC_SHA, TLS_RSA_WITH_AES_128_CBC_SHA, TLS_EMPTY_RENEGOTIATION_INFO_SCSV]
10:44:54.862 [main] DEBUG org.apache.http.conn.ssl.SSLConnectionSocketFactory - Starting handshake
10:44:54.918 [main] DEBUG org.apache.http.conn.ssl.SSLConnectionSocketFactory - Secure session established
10:44:54.918 [main] DEBUG org.apache.http.conn.ssl.SSLConnectionSocketFactory -  negotiated protocol: TLSv1.3
10:44:54.918 [main] DEBUG org.apache.http.conn.ssl.SSLConnectionSocketFactory -  negotiated cipher suite: TLS_AES_256_GCM_SHA384
10:44:54.918 [main] DEBUG org.apache.http.conn.ssl.SSLConnectionSocketFactory -  peer principal: CN=conduit-api.bondaracademy.com
10:44:54.918 [main] DEBUG org.apache.http.conn.ssl.SSLConnectionSocketFactory -  peer alternative names: [conduit-api.bondaracademy.com]
10:44:54.918 [main] DEBUG org.apache.http.conn.ssl.SSLConnectionSocketFactory -  issuer principal: CN=WR3, O=Google Trust Services, C=US
10:44:54.918 [main] DEBUG org.apache.http.impl.conn.DefaultHttpClientConnectionOperator - Connection established 9.79.238.166:63974<->172.253.118.121:443
10:44:54.918 [main] DEBUG org.apache.http.impl.conn.DefaultManagedHttpClientConnection - http-outgoing-1: set socket timeout to 30000
10:44:54.918 [main] DEBUG org.apache.http.impl.execchain.MainClientExec - Executing request POST /api/articles/Ben-Blackthumb-31172/favorite HTTP/1.1
10:44:54.918 [main] DEBUG org.apache.http.impl.execchain.MainClientExec - Proxy auth state: UNCHALLENGED
10:44:54.918 [main] DEBUG org.apache.http.headers - http-outgoing-1 >> POST /api/articles/Ben-Blackthumb-31172/favorite HTTP/1.1
10:44:54.919 [main] DEBUG org.apache.http.headers - http-outgoing-1 >> Authorization: Token eyJhbGciOiJIUzI1NiIsInR5cCI6IkpXVCJ9.eyJ1c2VyIjp7ImlkIjozMTE3Mn0sImlhdCI6MTc1NDA2MTQ2NiwiZXhwIjoxNzU5MjQ1NDY2fQ.VhzGCDE3SXHkc4SKjt8OwdHVU8A7rNq_zxKV1-NWkJQ
10:44:54.919 [main] DEBUG org.apache.http.headers - http-outgoing-1 >> Content-Type: application/json; charset=UTF-8
10:44:54.919 [main] DEBUG org.apache.http.headers - http-outgoing-1 >> Content-Length: 2
10:44:54.919 [main] DEBUG org.apache.http.headers - http-outgoing-1 >> Host: conduit-api.bondaracademy.com
10:44:54.919 [main] DEBUG org.apache.http.headers - http-outgoing-1 >> Connection: Keep-Alive
10:44:54.919 [main] DEBUG org.apache.http.headers - http-outgoing-1 >> User-Agent: Apache-HttpClient/4.5.12 (Java/21.0.7)
10:44:54.919 [main] DEBUG org.apache.http.headers - http-outgoing-1 >> Accept-Encoding: gzip,deflate
10:44:54.919 [main] DEBUG org.apache.http.wire - http-outgoing-1 >> "POST /api/articles/Ben-Blackthumb-31172/favorite HTTP/1.1[\r][\n]"
10:44:54.919 [main] DEBUG org.apache.http.wire - http-outgoing-1 >> "Authorization: Token eyJhbGciOiJIUzI1NiIsInR5cCI6IkpXVCJ9.eyJ1c2VyIjp7ImlkIjozMTE3Mn0sImlhdCI6MTc1NDA2MTQ2NiwiZXhwIjoxNzU5MjQ1NDY2fQ.VhzGCDE3SXHkc4SKjt8OwdHVU8A7rNq_zxKV1-NWkJQ[\r][\n]"
10:44:54.919 [main] DEBUG org.apache.http.wire - http-outgoing-1 >> "Content-Type: application/json; charset=UTF-8[\r][\n]"
10:44:54.919 [main] DEBUG org.apache.http.wire - http-outgoing-1 >> "Content-Length: 2[\r][\n]"
10:44:54.919 [main] DEBUG org.apache.http.wire - http-outgoing-1 >> "Host: conduit-api.bondaracademy.com[\r][\n]"
10:44:54.919 [main] DEBUG org.apache.http.wire - http-outgoing-1 >> "Connection: Keep-Alive[\r][\n]"
10:44:54.919 [main] DEBUG org.apache.http.wire - http-outgoing-1 >> "User-Agent: Apache-HttpClient/4.5.12 (Java/21.0.7)[\r][\n]"
10:44:54.919 [main] DEBUG org.apache.http.wire - http-outgoing-1 >> "Accept-Encoding: gzip,deflate[\r][\n]"
10:44:54.919 [main] DEBUG org.apache.http.wire - http-outgoing-1 >> "[\r][\n]"
10:44:54.919 [main] DEBUG org.apache.http.wire - http-outgoing-1 >> "{}"
10:44:55.356 [main] DEBUG org.apache.http.wire - http-outgoing-1 << "HTTP/1.1 200 OK[\r][\n]"
10:44:55.357 [main] DEBUG org.apache.http.wire - http-outgoing-1 << "x-powered-by: Express[\r][\n]"
10:44:55.357 [main] DEBUG org.apache.http.wire - http-outgoing-1 << "vary: Origin[\r][\n]"
10:44:55.357 [main] DEBUG org.apache.http.wire - http-outgoing-1 << "content-type: application/json; charset=utf-8[\r][\n]"
10:44:55.357 [main] DEBUG org.apache.http.wire - http-outgoing-1 << "etag: W/"2af-rC4+HuENOUdEbqYq2UcUCAd/nDg"[\r][\n]"
10:44:55.357 [main] DEBUG org.apache.http.wire - http-outgoing-1 << "x-cloud-trace-context: b45923ac25e0a0fd9655be1dfd350c8d[\r][\n]"
10:44:55.357 [main] DEBUG org.apache.http.wire - http-outgoing-1 << "date: Mon, 04 Aug 2025 05:14:55 GMT[\r][\n]"
10:44:55.357 [main] DEBUG org.apache.http.wire - http-outgoing-1 << "server: Google Frontend[\r][\n]"
10:44:55.357 [main] DEBUG org.apache.http.wire - http-outgoing-1 << "Content-Length: 687[\r][\n]"
10:44:55.357 [main] DEBUG org.apache.http.wire - http-outgoing-1 << "[\r][\n]"
10:44:55.357 [main] DEBUG org.apache.http.wire - http-outgoing-1 << "{"article":{"id":226675,"slug":"Ben-Blackthumb-31172","title":"Ben Blackthumb","description":"Qarth","body":"Fear cuts deeper than swords.","createdAt":"2025-08-01T14:50:41.688Z","updatedAt":"2025-08-01T14:50:41.688Z","authorId":31172,"tagList":[],"author":{"username":"KarateTestDemo","bio":null,"image":"https://conduit-api.bondaracademy.com/images/smiley-cyrus.jpeg","following":false},"favoritedBy":[{"id":31172,"email":"Karate@testingdemo.com","username":"KarateTestDemo","password":"$2a$10$8Dr4tw3YwXjUT2oMn7Dae.bqZMklRR3mCbya59iBu9wmWluOnOKKS","image":"https://conduit-api.bondaracademy.com/images/smiley-cyrus.jpeg","bio":null,"demo":false}],"favorited":true,"favoritesCount":1}}"
10:44:55.357 [main] DEBUG org.apache.http.headers - http-outgoing-1 << HTTP/1.1 200 OK
10:44:55.357 [main] DEBUG org.apache.http.headers - http-outgoing-1 << x-powered-by: Express
10:44:55.357 [main] DEBUG org.apache.http.headers - http-outgoing-1 << vary: Origin
10:44:55.357 [main] DEBUG org.apache.http.headers - http-outgoing-1 << content-type: application/json; charset=utf-8
10:44:55.357 [main] DEBUG org.apache.http.headers - http-outgoing-1 << etag: W/"2af-rC4+HuENOUdEbqYq2UcUCAd/nDg"
10:44:55.357 [main] DEBUG org.apache.http.headers - http-outgoing-1 << x-cloud-trace-context: b45923ac25e0a0fd9655be1dfd350c8d
10:44:55.357 [main] DEBUG org.apache.http.headers - http-outgoing-1 << date: Mon, 04 Aug 2025 05:14:55 GMT
10:44:55.357 [main] DEBUG org.apache.http.headers - http-outgoing-1 << server: Google Frontend
10:44:55.357 [main] DEBUG org.apache.http.headers - http-outgoing-1 << Content-Length: 687
10:44:55.357 [main] DEBUG org.apache.http.impl.execchain.MainClientExec - Connection can be kept alive indefinitely
10:44:55.358 [main] DEBUG org.apache.http.impl.conn.PoolingHttpClientConnectionManager - Connection [id: 1][route: {s}->https://conduit-api.bondaracademy.com:443] can be kept alive indefinitely
10:44:55.358 [main] DEBUG org.apache.http.impl.conn.DefaultManagedHttpClientConnection - http-outgoing-1: set socket timeout to 0
10:44:55.358 [main] DEBUG org.apache.http.impl.conn.PoolingHttpClientConnectionManager - Connection released: [id: 1][route: {s}->https://conduit-api.bondaracademy.com:443][total available: 1; route allocated: 1 of 5; total allocated: 1 of 10]
10:44:55.358 [main] DEBUG org.apache.http.impl.conn.PoolingHttpClientConnectionManager - Connection manager is shutting down
10:44:55.358 [main] DEBUG org.apache.http.impl.conn.DefaultManagedHttpClientConnection - http-outgoing-1: Close connection
10:44:55.358 [main] DEBUG org.apache.http.impl.conn.PoolingHttpClientConnectionManager - Connection manager shut down
10:44:55.359 [main] DEBUG com.intuit.karate - response time in milliseconds: 539
2 < 200
2 < x-powered-by: Express
2 < vary: Origin
2 < content-type: application/json; charset=utf-8
2 < etag: W/"2af-rC4+HuENOUdEbqYq2UcUCAd/nDg"
2 < x-cloud-trace-context: b45923ac25e0a0fd9655be1dfd350c8d
2 < date: Mon, 04 Aug 2025 05:14:55 GMT
2 < server: Google Frontend
2 < Content-Length: 687
{"article":{"id":226675,"slug":"Ben-Blackthumb-31172","title":"Ben Blackthumb","description":"Qarth","body":"Fear cuts deeper than swords.","createdAt":"2025-08-01T14:50:41.688Z","updatedAt":"2025-08-01T14:50:41.688Z","authorId":31172,"tagList":[],"author":{"username":"KarateTestDemo","bio":null,"image":"https://conduit-api.bondaracademy.com/images/smiley-cyrus.jpeg","following":false},"favoritedBy":[{"id":31172,"email":"Karate@testingdemo.com","username":"KarateTestDemo","password":"$2a$10$8Dr4tw3YwXjUT2oMn7Dae.bqZMklRR3mCbya59iBu9wmWluOnOKKS","image":"https://conduit-api.bondaracademy.com/images/smiley-cyrus.jpeg","bio":null,"demo":false}],"favorited":true,"favoritesCount":1}}

10:44:55.372 [main] DEBUG com.jayway.jsonpath.internal.path.CompiledPath - Evaluating path: $['article']['favoritesCount']
10:44:55.378 [main] DEBUG com.jayway.jsonpath.internal.path.CompiledPath - Evaluating path: $
10:44:55.379 [main] DEBUG org.apache.http.client.protocol.RequestAddCookies - CookieSpec selected: karate
10:44:55.379 [main] DEBUG org.apache.http.client.protocol.RequestAuthCache - Auth cache not set in the context
10:44:55.379 [main] DEBUG com.intuit.karate - request:
3 > GET https://conduit-api.bondaracademy.com/api/articles?offset=0&limit=10&favorited=KarateTestDemo
3 > Authorization: Token eyJhbGciOiJIUzI1NiIsInR5cCI6IkpXVCJ9.eyJ1c2VyIjp7ImlkIjozMTE3Mn0sImlhdCI6MTc1NDA2MTQ2NiwiZXhwIjoxNzU5MjQ1NDY2fQ.VhzGCDE3SXHkc4SKjt8OwdHVU8A7rNq_zxKV1-NWkJQ
3 > Host: conduit-api.bondaracademy.com
3 > Connection: Keep-Alive
3 > User-Agent: Apache-HttpClient/4.5.12 (Java/21.0.7)
3 > Accept-Encoding: gzip,deflate


10:44:55.379 [main] DEBUG org.apache.http.impl.conn.PoolingHttpClientConnectionManager - Connection request: [route: {s}->https://conduit-api.bondaracademy.com:443][total available: 0; route allocated: 0 of 5; total allocated: 0 of 10]
10:44:55.379 [main] DEBUG org.apache.http.impl.conn.PoolingHttpClientConnectionManager - Connection leased: [id: 2][route: {s}->https://conduit-api.bondaracademy.com:443][total available: 0; route allocated: 1 of 5; total allocated: 1 of 10]
10:44:55.379 [main] DEBUG org.apache.http.impl.execchain.MainClientExec - Opening connection {s}->https://conduit-api.bondaracademy.com:443
10:44:55.380 [main] DEBUG org.apache.http.impl.conn.DefaultHttpClientConnectionOperator - Connecting to conduit-api.bondaracademy.com/172.253.118.121:443
10:44:55.380 [main] DEBUG org.apache.http.conn.ssl.SSLConnectionSocketFactory - Connecting socket to conduit-api.bondaracademy.com/172.253.118.121:443 with timeout 30000
10:44:55.422 [main] DEBUG org.apache.http.conn.ssl.SSLConnectionSocketFactory - Enabled protocols: [TLSv1.3, TLSv1.2]
10:44:55.422 [main] DEBUG org.apache.http.conn.ssl.SSLConnectionSocketFactory - Enabled cipher suites:[TLS_AES_256_GCM_SHA384, TLS_AES_128_GCM_SHA256, TLS_CHACHA20_POLY1305_SHA256, TLS_ECDHE_ECDSA_WITH_AES_256_GCM_SHA384, TLS_ECDHE_ECDSA_WITH_AES_128_GCM_SHA256, TLS_ECDHE_ECDSA_WITH_CHACHA20_POLY1305_SHA256, TLS_ECDHE_RSA_WITH_AES_256_GCM_SHA384, TLS_ECDHE_RSA_WITH_CHACHA20_POLY1305_SHA256, TLS_ECDHE_RSA_WITH_AES_128_GCM_SHA256, TLS_DHE_RSA_WITH_AES_256_GCM_SHA384, TLS_DHE_RSA_WITH_CHACHA20_POLY1305_SHA256, TLS_DHE_DSS_WITH_AES_256_GCM_SHA384, TLS_DHE_RSA_WITH_AES_128_GCM_SHA256, TLS_DHE_DSS_WITH_AES_128_GCM_SHA256, TLS_ECDHE_ECDSA_WITH_AES_256_CBC_SHA384, TLS_ECDHE_RSA_WITH_AES_256_CBC_SHA384, TLS_ECDHE_ECDSA_WITH_AES_128_CBC_SHA256, TLS_ECDHE_RSA_WITH_AES_128_CBC_SHA256, TLS_DHE_RSA_WITH_AES_256_CBC_SHA256, TLS_DHE_DSS_WITH_AES_256_CBC_SHA256, TLS_DHE_RSA_WITH_AES_128_CBC_SHA256, TLS_DHE_DSS_WITH_AES_128_CBC_SHA256, TLS_ECDHE_ECDSA_WITH_AES_256_CBC_SHA, TLS_ECDHE_RSA_WITH_AES_256_CBC_SHA, TLS_ECDHE_ECDSA_WITH_AES_128_CBC_SHA, TLS_ECDHE_RSA_WITH_AES_128_CBC_SHA, TLS_DHE_RSA_WITH_AES_256_CBC_SHA, TLS_DHE_DSS_WITH_AES_256_CBC_SHA, TLS_DHE_RSA_WITH_AES_128_CBC_SHA, TLS_DHE_DSS_WITH_AES_128_CBC_SHA, TLS_RSA_WITH_AES_256_GCM_SHA384, TLS_RSA_WITH_AES_128_GCM_SHA256, TLS_RSA_WITH_AES_256_CBC_SHA256, TLS_RSA_WITH_AES_128_CBC_SHA256, TLS_RSA_WITH_AES_256_CBC_SHA, TLS_RSA_WITH_AES_128_CBC_SHA, TLS_EMPTY_RENEGOTIATION_INFO_SCSV]
10:44:55.422 [main] DEBUG org.apache.http.conn.ssl.SSLConnectionSocketFactory - Starting handshake
10:44:55.470 [main] DEBUG org.apache.http.conn.ssl.SSLConnectionSocketFactory - Secure session established
10:44:55.470 [main] DEBUG org.apache.http.conn.ssl.SSLConnectionSocketFactory -  negotiated protocol: TLSv1.3
10:44:55.470 [main] DEBUG org.apache.http.conn.ssl.SSLConnectionSocketFactory -  negotiated cipher suite: TLS_AES_256_GCM_SHA384
10:44:55.471 [main] DEBUG org.apache.http.conn.ssl.SSLConnectionSocketFactory -  peer principal: CN=conduit-api.bondaracademy.com
10:44:55.471 [main] DEBUG org.apache.http.conn.ssl.SSLConnectionSocketFactory -  peer alternative names: [conduit-api.bondaracademy.com]
10:44:55.471 [main] DEBUG org.apache.http.conn.ssl.SSLConnectionSocketFactory -  issuer principal: CN=WR3, O=Google Trust Services, C=US
10:44:55.471 [main] DEBUG org.apache.http.impl.conn.DefaultHttpClientConnectionOperator - Connection established 9.79.238.166:63975<->172.253.118.121:443
10:44:55.471 [main] DEBUG org.apache.http.impl.conn.DefaultManagedHttpClientConnection - http-outgoing-2: set socket timeout to 30000
10:44:55.471 [main] DEBUG org.apache.http.impl.execchain.MainClientExec - Executing request GET /api/articles?offset=0&limit=10&favorited=KarateTestDemo HTTP/1.1
10:44:55.471 [main] DEBUG org.apache.http.impl.execchain.MainClientExec - Proxy auth state: UNCHALLENGED
10:44:55.471 [main] DEBUG org.apache.http.headers - http-outgoing-2 >> GET /api/articles?offset=0&limit=10&favorited=KarateTestDemo HTTP/1.1
10:44:55.471 [main] DEBUG org.apache.http.headers - http-outgoing-2 >> Authorization: Token eyJhbGciOiJIUzI1NiIsInR5cCI6IkpXVCJ9.eyJ1c2VyIjp7ImlkIjozMTE3Mn0sImlhdCI6MTc1NDA2MTQ2NiwiZXhwIjoxNzU5MjQ1NDY2fQ.VhzGCDE3SXHkc4SKjt8OwdHVU8A7rNq_zxKV1-NWkJQ
10:44:55.471 [main] DEBUG org.apache.http.headers - http-outgoing-2 >> Host: conduit-api.bondaracademy.com
10:44:55.471 [main] DEBUG org.apache.http.headers - http-outgoing-2 >> Connection: Keep-Alive
10:44:55.471 [main] DEBUG org.apache.http.headers - http-outgoing-2 >> User-Agent: Apache-HttpClient/4.5.12 (Java/21.0.7)
10:44:55.471 [main] DEBUG org.apache.http.headers - http-outgoing-2 >> Accept-Encoding: gzip,deflate
10:44:55.471 [main] DEBUG org.apache.http.wire - http-outgoing-2 >> "GET /api/articles?offset=0&limit=10&favorited=KarateTestDemo HTTP/1.1[\r][\n]"
10:44:55.471 [main] DEBUG org.apache.http.wire - http-outgoing-2 >> "Authorization: Token eyJhbGciOiJIUzI1NiIsInR5cCI6IkpXVCJ9.eyJ1c2VyIjp7ImlkIjozMTE3Mn0sImlhdCI6MTc1NDA2MTQ2NiwiZXhwIjoxNzU5MjQ1NDY2fQ.VhzGCDE3SXHkc4SKjt8OwdHVU8A7rNq_zxKV1-NWkJQ[\r][\n]"
10:44:55.471 [main] DEBUG org.apache.http.wire - http-outgoing-2 >> "Host: conduit-api.bondaracademy.com[\r][\n]"
10:44:55.471 [main] DEBUG org.apache.http.wire - http-outgoing-2 >> "Connection: Keep-Alive[\r][\n]"
10:44:55.471 [main] DEBUG org.apache.http.wire - http-outgoing-2 >> "User-Agent: Apache-HttpClient/4.5.12 (Java/21.0.7)[\r][\n]"
10:44:55.471 [main] DEBUG org.apache.http.wire - http-outgoing-2 >> "Accept-Encoding: gzip,deflate[\r][\n]"
10:44:55.471 [main] DEBUG org.apache.http.wire - http-outgoing-2 >> "[\r][\n]"
10:44:55.876 [main] DEBUG org.apache.http.wire - http-outgoing-2 << "HTTP/1.1 200 OK[\r][\n]"
10:44:55.876 [main] DEBUG org.apache.http.wire - http-outgoing-2 << "x-powered-by: Express[\r][\n]"
10:44:55.876 [main] DEBUG org.apache.http.wire - http-outgoing-2 << "vary: Origin[\r][\n]"
10:44:55.876 [main] DEBUG org.apache.http.wire - http-outgoing-2 << "content-type: application/json; charset=utf-8[\r][\n]"
10:44:55.877 [main] DEBUG org.apache.http.wire - http-outgoing-2 << "etag: W/"355-X3fdG0YBLUddjtB4Cs9IDepKFPo"[\r][\n]"
10:44:55.877 [main] DEBUG org.apache.http.wire - http-outgoing-2 << "x-cloud-trace-context: ecf7d2caf97ef37d36cd4914499e30c1[\r][\n]"
10:44:55.877 [main] DEBUG org.apache.http.wire - http-outgoing-2 << "date: Mon, 04 Aug 2025 05:14:56 GMT[\r][\n]"
10:44:55.877 [main] DEBUG org.apache.http.wire - http-outgoing-2 << "server: Google Frontend[\r][\n]"
10:44:55.877 [main] DEBUG org.apache.http.wire - http-outgoing-2 << "Content-Length: 853[\r][\n]"
10:44:55.877 [main] DEBUG org.apache.http.wire - http-outgoing-2 << "[\r][\n]"
10:44:55.877 [main] DEBUG org.apache.http.wire - http-outgoing-2 << "{"articles":[{"slug":"Ben-Blackthumb-31172","title":"Ben Blackthumb","description":"Qarth","body":"Fear cuts deeper than swords.","tagList":[],"createdAt":"2025-08-01T14:50:41.688Z","updatedAt":"2025-08-01T14:50:41.688Z","favorited":true,"favoritesCount":1,"author":{"username":"KarateTestDemo","bio":null,"image":"https://conduit-api.bondaracademy.com/images/smiley-cyrus.jpeg","following":false}},{"slug":"Gormon-Tyrell-31172","title":"Gormon Tyrell","description":"Tyrosh","body":"... a mind needs books as a sword needs a whetstone, if it is to keep its edge.","tagList":[],"createdAt":"2025-08-01T14:49:00.478Z","updatedAt":"2025-08-01T14:49:00.478Z","favorited":true,"favoritesCount":1,"author":{"username":"KarateTestDemo","bio":null,"image":"https://conduit-api.bondaracademy.com/images/smiley-cyrus.jpeg","following":false}}],"articlesCount":2}"
10:44:55.877 [main] DEBUG org.apache.http.headers - http-outgoing-2 << HTTP/1.1 200 OK
10:44:55.877 [main] DEBUG org.apache.http.headers - http-outgoing-2 << x-powered-by: Express
10:44:55.877 [main] DEBUG org.apache.http.headers - http-outgoing-2 << vary: Origin
10:44:55.877 [main] DEBUG org.apache.http.headers - http-outgoing-2 << content-type: application/json; charset=utf-8
10:44:55.877 [main] DEBUG org.apache.http.headers - http-outgoing-2 << etag: W/"355-X3fdG0YBLUddjtB4Cs9IDepKFPo"
10:44:55.877 [main] DEBUG org.apache.http.headers - http-outgoing-2 << x-cloud-trace-context: ecf7d2caf97ef37d36cd4914499e30c1
10:44:55.877 [main] DEBUG org.apache.http.headers - http-outgoing-2 << date: Mon, 04 Aug 2025 05:14:56 GMT
10:44:55.877 [main] DEBUG org.apache.http.headers - http-outgoing-2 << server: Google Frontend
10:44:55.877 [main] DEBUG org.apache.http.headers - http-outgoing-2 << Content-Length: 853
10:44:55.878 [main] DEBUG org.apache.http.impl.execchain.MainClientExec - Connection can be kept alive indefinitely
10:44:55.878 [main] DEBUG org.apache.http.impl.conn.PoolingHttpClientConnectionManager - Connection [id: 2][route: {s}->https://conduit-api.bondaracademy.com:443] can be kept alive indefinitely
10:44:55.878 [main] DEBUG org.apache.http.impl.conn.DefaultManagedHttpClientConnection - http-outgoing-2: set socket timeout to 0
10:44:55.878 [main] DEBUG org.apache.http.impl.conn.PoolingHttpClientConnectionManager - Connection released: [id: 2][route: {s}->https://conduit-api.bondaracademy.com:443][total available: 1; route allocated: 1 of 5; total allocated: 1 of 10]
10:44:55.878 [main] DEBUG org.apache.http.impl.conn.PoolingHttpClientConnectionManager - Connection manager is shutting down
10:44:55.878 [main] DEBUG org.apache.http.impl.conn.DefaultManagedHttpClientConnection - http-outgoing-2: Close connection
10:44:55.879 [main] DEBUG org.apache.http.impl.conn.PoolingHttpClientConnectionManager - Connection manager shut down
10:44:55.879 [main] DEBUG com.intuit.karate - response time in milliseconds: 499
3 < 200
3 < x-powered-by: Express
3 < vary: Origin
3 < content-type: application/json; charset=utf-8
3 < etag: W/"355-X3fdG0YBLUddjtB4Cs9IDepKFPo"
3 < x-cloud-trace-context: ecf7d2caf97ef37d36cd4914499e30c1
3 < date: Mon, 04 Aug 2025 05:14:56 GMT
3 < server: Google Frontend
3 < Content-Length: 853
{"articles":[{"slug":"Ben-Blackthumb-31172","title":"Ben Blackthumb","description":"Qarth","body":"Fear cuts deeper than swords.","tagList":[],"createdAt":"2025-08-01T14:50:41.688Z","updatedAt":"2025-08-01T14:50:41.688Z","favorited":true,"favoritesCount":1,"author":{"username":"KarateTestDemo","bio":null,"image":"https://conduit-api.bondaracademy.com/images/smiley-cyrus.jpeg","following":false}},{"slug":"Gormon-Tyrell-31172","title":"Gormon Tyrell","description":"Tyrosh","body":"... a mind needs books as a sword needs a whetstone, if it is to keep its edge.","tagList":[],"createdAt":"2025-08-01T14:49:00.478Z","updatedAt":"2025-08-01T14:49:00.478Z","favorited":true,"favoritesCount":1,"author":{"username":"KarateTestDemo","bio":null,"image":"https://conduit-api.bondaracademy.com/images/smiley-cyrus.jpeg","following":false}}],"articlesCount":2}

10:44:55.882 [main] DEBUG com.jayway.jsonpath.internal.path.CompiledPath - Evaluating path: $['articles'][*]['slug']
10:44:55.884 [main] DEBUG com.jayway.jsonpath.internal.path.CompiledPath - Evaluating path: $
10:44:55.886 [main] DEBUG org.apache.http.client.protocol.RequestAddCookies - CookieSpec selected: karate
10:44:55.886 [main] DEBUG org.apache.http.client.protocol.RequestAuthCache - Auth cache not set in the context
10:44:55.886 [main] DEBUG com.intuit.karate - request:
4 > GET https://conduit-api.bondaracademy.com/api/articles?offset=0&limit=10
4 > Authorization: Token eyJhbGciOiJIUzI1NiIsInR5cCI6IkpXVCJ9.eyJ1c2VyIjp7ImlkIjozMTE3Mn0sImlhdCI6MTc1NDA2MTQ2NiwiZXhwIjoxNzU5MjQ1NDY2fQ.VhzGCDE3SXHkc4SKjt8OwdHVU8A7rNq_zxKV1-NWkJQ
4 > Host: conduit-api.bondaracademy.com
4 > Connection: Keep-Alive
4 > User-Agent: Apache-HttpClient/4.5.12 (Java/21.0.7)
4 > Accept-Encoding: gzip,deflate


10:44:55.886 [main] DEBUG org.apache.http.impl.conn.PoolingHttpClientConnectionManager - Connection request: [route: {s}->https://conduit-api.bondaracademy.com:443][total available: 0; route allocated: 0 of 5; total allocated: 0 of 10]
10:44:55.887 [main] DEBUG org.apache.http.impl.conn.PoolingHttpClientConnectionManager - Connection leased: [id: 3][route: {s}->https://conduit-api.bondaracademy.com:443][total available: 0; route allocated: 1 of 5; total allocated: 1 of 10]
10:44:55.887 [main] DEBUG org.apache.http.impl.execchain.MainClientExec - Opening connection {s}->https://conduit-api.bondaracademy.com:443
10:44:55.887 [main] DEBUG org.apache.http.impl.conn.DefaultHttpClientConnectionOperator - Connecting to conduit-api.bondaracademy.com/172.253.118.121:443
10:44:55.887 [main] DEBUG org.apache.http.conn.ssl.SSLConnectionSocketFactory - Connecting socket to conduit-api.bondaracademy.com/172.253.118.121:443 with timeout 30000
10:44:55.929 [main] DEBUG org.apache.http.conn.ssl.SSLConnectionSocketFactory - Enabled protocols: [TLSv1.3, TLSv1.2]
10:44:55.929 [main] DEBUG org.apache.http.conn.ssl.SSLConnectionSocketFactory - Enabled cipher suites:[TLS_AES_256_GCM_SHA384, TLS_AES_128_GCM_SHA256, TLS_CHACHA20_POLY1305_SHA256, TLS_ECDHE_ECDSA_WITH_AES_256_GCM_SHA384, TLS_ECDHE_ECDSA_WITH_AES_128_GCM_SHA256, TLS_ECDHE_ECDSA_WITH_CHACHA20_POLY1305_SHA256, TLS_ECDHE_RSA_WITH_AES_256_GCM_SHA384, TLS_ECDHE_RSA_WITH_CHACHA20_POLY1305_SHA256, TLS_ECDHE_RSA_WITH_AES_128_GCM_SHA256, TLS_DHE_RSA_WITH_AES_256_GCM_SHA384, TLS_DHE_RSA_WITH_CHACHA20_POLY1305_SHA256, TLS_DHE_DSS_WITH_AES_256_GCM_SHA384, TLS_DHE_RSA_WITH_AES_128_GCM_SHA256, TLS_DHE_DSS_WITH_AES_128_GCM_SHA256, TLS_ECDHE_ECDSA_WITH_AES_256_CBC_SHA384, TLS_ECDHE_RSA_WITH_AES_256_CBC_SHA384, TLS_ECDHE_ECDSA_WITH_AES_128_CBC_SHA256, TLS_ECDHE_RSA_WITH_AES_128_CBC_SHA256, TLS_DHE_RSA_WITH_AES_256_CBC_SHA256, TLS_DHE_DSS_WITH_AES_256_CBC_SHA256, TLS_DHE_RSA_WITH_AES_128_CBC_SHA256, TLS_DHE_DSS_WITH_AES_128_CBC_SHA256, TLS_ECDHE_ECDSA_WITH_AES_256_CBC_SHA, TLS_ECDHE_RSA_WITH_AES_256_CBC_SHA, TLS_ECDHE_ECDSA_WITH_AES_128_CBC_SHA, TLS_ECDHE_RSA_WITH_AES_128_CBC_SHA, TLS_DHE_RSA_WITH_AES_256_CBC_SHA, TLS_DHE_DSS_WITH_AES_256_CBC_SHA, TLS_DHE_RSA_WITH_AES_128_CBC_SHA, TLS_DHE_DSS_WITH_AES_128_CBC_SHA, TLS_RSA_WITH_AES_256_GCM_SHA384, TLS_RSA_WITH_AES_128_GCM_SHA256, TLS_RSA_WITH_AES_256_CBC_SHA256, TLS_RSA_WITH_AES_128_CBC_SHA256, TLS_RSA_WITH_AES_256_CBC_SHA, TLS_RSA_WITH_AES_128_CBC_SHA, TLS_EMPTY_RENEGOTIATION_INFO_SCSV]
10:44:55.929 [main] DEBUG org.apache.http.conn.ssl.SSLConnectionSocketFactory - Starting handshake
10:44:55.988 [main] DEBUG org.apache.http.conn.ssl.SSLConnectionSocketFactory - Secure session established
10:44:55.989 [main] DEBUG org.apache.http.conn.ssl.SSLConnectionSocketFactory -  negotiated protocol: TLSv1.3
10:44:55.989 [main] DEBUG org.apache.http.conn.ssl.SSLConnectionSocketFactory -  negotiated cipher suite: TLS_AES_256_GCM_SHA384
10:44:55.989 [main] DEBUG org.apache.http.conn.ssl.SSLConnectionSocketFactory -  peer principal: CN=conduit-api.bondaracademy.com
10:44:55.989 [main] DEBUG org.apache.http.conn.ssl.SSLConnectionSocketFactory -  peer alternative names: [conduit-api.bondaracademy.com]
10:44:55.989 [main] DEBUG org.apache.http.conn.ssl.SSLConnectionSocketFactory -  issuer principal: CN=WR3, O=Google Trust Services, C=US
10:44:55.989 [main] DEBUG org.apache.http.impl.conn.DefaultHttpClientConnectionOperator - Connection established 9.79.238.166:63976<->172.253.118.121:443
10:44:55.989 [main] DEBUG org.apache.http.impl.conn.DefaultManagedHttpClientConnection - http-outgoing-3: set socket timeout to 30000
10:44:55.989 [main] DEBUG org.apache.http.impl.execchain.MainClientExec - Executing request GET /api/articles?offset=0&limit=10 HTTP/1.1
10:44:55.989 [main] DEBUG org.apache.http.impl.execchain.MainClientExec - Proxy auth state: UNCHALLENGED
10:44:55.990 [main] DEBUG org.apache.http.headers - http-outgoing-3 >> GET /api/articles?offset=0&limit=10 HTTP/1.1
10:44:55.990 [main] DEBUG org.apache.http.headers - http-outgoing-3 >> Authorization: Token eyJhbGciOiJIUzI1NiIsInR5cCI6IkpXVCJ9.eyJ1c2VyIjp7ImlkIjozMTE3Mn0sImlhdCI6MTc1NDA2MTQ2NiwiZXhwIjoxNzU5MjQ1NDY2fQ.VhzGCDE3SXHkc4SKjt8OwdHVU8A7rNq_zxKV1-NWkJQ
10:44:55.990 [main] DEBUG org.apache.http.headers - http-outgoing-3 >> Host: conduit-api.bondaracademy.com
10:44:55.990 [main] DEBUG org.apache.http.headers - http-outgoing-3 >> Connection: Keep-Alive
10:44:55.990 [main] DEBUG org.apache.http.headers - http-outgoing-3 >> User-Agent: Apache-HttpClient/4.5.12 (Java/21.0.7)
10:44:55.990 [main] DEBUG org.apache.http.headers - http-outgoing-3 >> Accept-Encoding: gzip,deflate
10:44:55.990 [main] DEBUG org.apache.http.wire - http-outgoing-3 >> "GET /api/articles?offset=0&limit=10 HTTP/1.1[\r][\n]"
10:44:55.990 [main] DEBUG org.apache.http.wire - http-outgoing-3 >> "Authorization: Token eyJhbGciOiJIUzI1NiIsInR5cCI6IkpXVCJ9.eyJ1c2VyIjp7ImlkIjozMTE3Mn0sImlhdCI6MTc1NDA2MTQ2NiwiZXhwIjoxNzU5MjQ1NDY2fQ.VhzGCDE3SXHkc4SKjt8OwdHVU8A7rNq_zxKV1-NWkJQ[\r][\n]"
10:44:55.990 [main] DEBUG org.apache.http.wire - http-outgoing-3 >> "Host: conduit-api.bondaracademy.com[\r][\n]"
10:44:55.990 [main] DEBUG org.apache.http.wire - http-outgoing-3 >> "Connection: Keep-Alive[\r][\n]"
10:44:55.990 [main] DEBUG org.apache.http.wire - http-outgoing-3 >> "User-Agent: Apache-HttpClient/4.5.12 (Java/21.0.7)[\r][\n]"
10:44:55.990 [main] DEBUG org.apache.http.wire - http-outgoing-3 >> "Accept-Encoding: gzip,deflate[\r][\n]"
10:44:55.990 [main] DEBUG org.apache.http.wire - http-outgoing-3 >> "[\r][\n]"
10:44:56.473 [main] DEBUG org.apache.http.wire - http-outgoing-3 << "HTTP/1.1 200 OK[\r][\n]"
10:44:56.474 [main] DEBUG org.apache.http.wire - http-outgoing-3 << "x-powered-by: Express[\r][\n]"
10:44:56.474 [main] DEBUG org.apache.http.wire - http-outgoing-3 << "vary: Origin[\r][\n]"
10:44:56.474 [main] DEBUG org.apache.http.wire - http-outgoing-3 << "content-type: application/json; charset=utf-8[\r][\n]"
10:44:56.474 [main] DEBUG org.apache.http.wire - http-outgoing-3 << "etag: W/"10f4-MyIeo9EcBF/c9QdR2oVeRjuxF3I"[\r][\n]"
10:44:56.474 [main] DEBUG org.apache.http.wire - http-outgoing-3 << "x-cloud-trace-context: e9375bf06f366a6aa4fab6c0bb4142c4[\r][\n]"
10:44:56.474 [main] DEBUG org.apache.http.wire - http-outgoing-3 << "date: Mon, 04 Aug 2025 05:14:56 GMT[\r][\n]"
10:44:56.474 [main] DEBUG org.apache.http.wire - http-outgoing-3 << "server: Google Frontend[\r][\n]"
10:44:56.474 [main] DEBUG org.apache.http.wire - http-outgoing-3 << "Content-Length: 4340[\r][\n]"
10:44:56.474 [main] DEBUG org.apache.http.wire - http-outgoing-3 << "[\r][\n]"
10:44:56.474 [main] DEBUG org.apache.http.wire - http-outgoing-3 << "{"articles":[{"slug":"Ben-Blackthumb-31172","title":"Ben Blackthumb","description":"Qarth","body":"Fear cuts deeper than swords.","tagList":[],"createdAt":"2025-08-01T14:50:41.688Z","updatedAt":"2025-08-01T14:50:41.688Z","favorited":true,"favoritesCount":1,"author":{"username":"KarateTestDemo","bio":null,"image":"https://conduit-api.bondaracademy.com/images/smiley-cyrus.jpeg","following":false}},{"slug":"Gormon-Tyrell-31172","title":"Gormon Tyrell","description":"Tyrosh","body":"... a mind needs books as a sword needs a whetstone, if it is to keep its edge.","tagList":[],"createdAt":"2025-08-01T14:49:00.478Z","updatedAt":"2025-08-01T14:49:00.478Z","favorited":true,"favoritesCount":1,"author":{"username":"KarateTestDemo","bio":null,"image":"https://conduit-api.bondaracademy.com/images/smiley-cyrus.jpeg","following":false}},{"slug":"Manfred-Lothston-31172","title":"Manfred Lothston","description":"Chroyane","body":"Power is a curious thing. Who lives, Who dies. Power resides where men believe it resides. It is a trick, A shadow on the wall.","tagList":[],"createdAt":"2025-08-01T14:45:18.325Z","updatedAt":"
10:44:56.475 [main] DEBUG org.apache.http.headers - http-outgoing-3 << HTTP/1.1 200 OK
10:44:56.475 [main] DEBUG org.apache.http.headers - http-outgoing-3 << x-powered-by: Express
10:44:56.475 [main] DEBUG org.apache.http.headers - http-outgoing-3 << vary: Origin
10:44:56.475 [main] DEBUG org.apache.http.headers - http-outgoing-3 << content-type: application/json; charset=utf-8
10:44:56.475 [main] DEBUG org.apache.http.headers - http-outgoing-3 << etag: W/"10f4-MyIeo9EcBF/c9QdR2oVeRjuxF3I"
10:44:56.475 [main] DEBUG org.apache.http.headers - http-outgoing-3 << x-cloud-trace-context: e9375bf06f366a6aa4fab6c0bb4142c4
10:44:56.475 [main] DEBUG org.apache.http.headers - http-outgoing-3 << date: Mon, 04 Aug 2025 05:14:56 GMT
10:44:56.475 [main] DEBUG org.apache.http.headers - http-outgoing-3 << server: Google Frontend
10:44:56.475 [main] DEBUG org.apache.http.headers - http-outgoing-3 << Content-Length: 4340
10:44:56.475 [main] DEBUG org.apache.http.impl.execchain.MainClientExec - Connection can be kept alive indefinitely
10:44:56.475 [main] DEBUG org.apache.http.wire - http-outgoing-3 << ""2025-08-01T14:45:18.325Z","favorited":false,"favoritesCount":0,"author":{"username":"KarateTestDemo","bio":null,"image":"https://conduit-api.bondaracademy.com/images/smiley-cyrus.jpeg","following":false}},{"slug":"Archibald-Yronwood-31172","title":"Archibald Yronwood","description":"Braavos","body":"Do the dead frighten you?","tagList":[],"createdAt":"2025-08-01T14:44:50.937Z","updatedAt":"2025-08-01T14:44:50.937Z","favorited":false,"favoritesCount":0,"author":{"username":"KarateTestDemo","bio":null,"image":"https://conduit-api.bondaracademy.com/images/smiley-cyrus.jpeg","following":false}},{"slug":"Belgrave-31172","title":"Belgrave","description":"Vaes Dothrak","body":"... a mind needs books as a sword needs a whetstone, if it is to keep its edge.","tagList":[],"createdAt":"2025-08-01T14:43:19.800Z","updatedAt":"2025-08-01T14:43:19.800Z","favorited":false,"favoritesCount":0,"author":{"username":"KarateTestDemo","bio":null,"image":"https://conduit-api.bondaracademy.com/images/smiley-cyrus.jpeg","following":f"
10:44:56.475 [main] DEBUG org.apache.http.wire - http-outgoing-3 << "alse}},{"slug":"Mebble-31172","title":"Mebble","description":"Astapor","body":"Do the dead frighten you?","tagList":[],"createdAt":"2025-08-01T12:54:57.260Z","updatedAt":"2025-08-01T12:54:57.260Z","favorited":false,"favoritesCount":0,"author":{"username":"KarateTestDemo","bio":null,"image":"https://conduit-api.bondaracademy.com/images/smiley-cyrus.jpeg","following":false}},{"slug":"
10:44:56.476 [main] DEBUG org.apache.http.wire - http-outgoing-3 << ""Martyn-Rivers-31172","title":"Martyn Rivers","description":"Ar Noy","body":"Power is a curious thing. Who lives, Who dies. Power resides where men believe it resides. It is a trick, A shadow on the wall.","tagList":[],"createdAt":"2025-08-01T12:51:50.484Z","updatedAt":"2025-08-01T12:51:50.484Z","favorited":false,"favoritesCount":0,"author":{"username":"KarateTestDemo","bio":null,"image":"https://conduit-api.bondaracademy.com/images/smiley-cyrus.jpeg","following":false}},{"slug":"Malcolm-31172","title":"Malcolm","description":"Vaes Dothrak","body":"Things are not always as they seemed, much that may seem evil can be good.","tagList":[],"createdAt":"2025-08-01T12:50:05.335Z","updatedAt":"2025-08-01T12:50:05.335Z","favorited":false,"favoritesCount":0,"author":{"username":"KarateTestDemo","bio":null,"image":"https://conduit-api.bondaracademy.com/images/smiley-cyrus.jpeg","following":false}},{"slug":"Harma-31172","title":"Harma","description":"Tyria","body":"Never forget who you are. The rest of the world won't. "
10:44:56.476 [main] DEBUG org.apache.http.wire - http-outgoing-3 << "Wear it like an armor and it can never be used against you.","tagList":[],"createdAt":"2025-08-01T12:03:21.109Z","updatedAt":"2025-08-01T12:03:21.109Z","favorited":false,"favoritesCount":0,"author":{"username":"KarateTestDemo","bio":null,"image":"https://conduit-api.bondaracademy.com/images/smiley-cyrus.jpeg","following":false}},{"slug":"Alester-Oakheart-31172","title":"Alester Oak"
10:44:56.476 [main] DEBUG org.apache.http.wire - http-outgoing-3 << "heart","description":"Lannisport","body":"Knowledge could be more valuable than gold, more deadly than a dagger.","tagList":[],"createdAt":"2025-08-01T12:01:22."
10:44:56.476 [main] DEBUG org.apache.http.wire - http-outgoing-3 << "691Z","updatedAt":"2025-08-01T12:01:22.691Z","favorited":false,"favoritesCount":0,"author":{"username":"KarateTestDemo","bio":null,"image":"https://conduit-api.bondaracademy.com/images/smiley-cyrus.jpeg","following":false}}],"articlesCount":21}"
10:44:56.476 [main] DEBUG org.apache.http.impl.conn.PoolingHttpClientConnectionManager - Connection [id: 3][route: {s}->https://conduit-api.bondaracademy.com:443] can be kept alive indefinitely
10:44:56.476 [main] DEBUG org.apache.http.impl.conn.DefaultManagedHttpClientConnection - http-outgoing-3: set socket timeout to 0
10:44:56.476 [main] DEBUG org.apache.http.impl.conn.PoolingHttpClientConnectionManager - Connection released: [id: 3][route: {s}->https://conduit-api.bondaracademy.com:443][total available: 1; route allocated: 1 of 5; total allocated: 1 of 10]
10:44:56.476 [main] DEBUG org.apache.http.impl.conn.PoolingHttpClientConnectionManager - Connection manager is shutting down
10:44:56.476 [main] DEBUG org.apache.http.impl.conn.DefaultManagedHttpClientConnection - http-outgoing-3: Close connection
10:44:56.477 [main] DEBUG org.apache.http.impl.conn.PoolingHttpClientConnectionManager - Connection manager shut down
10:44:56.477 [main] DEBUG com.intuit.karate - response time in milliseconds: 590
4 < 200
4 < x-powered-by: Express
4 < vary: Origin
4 < content-type: application/json; charset=utf-8
4 < etag: W/"10f4-MyIeo9EcBF/c9QdR2oVeRjuxF3I"
4 < x-cloud-trace-context: e9375bf06f366a6aa4fab6c0bb4142c4
4 < date: Mon, 04 Aug 2025 05:14:56 GMT
4 < server: Google Frontend
4 < Content-Length: 4340
{"articles":[{"slug":"Ben-Blackthumb-31172","title":"Ben Blackthumb","description":"Qarth","body":"Fear cuts deeper than swords.","tagList":[],"createdAt":"2025-08-01T14:50:41.688Z","updatedAt":"2025-08-01T14:50:41.688Z","favorited":true,"favoritesCount":1,"author":{"username":"KarateTestDemo","bio":null,"image":"https://conduit-api.bondaracademy.com/images/smiley-cyrus.jpeg","following":false}},{"slug":"Gormon-Tyrell-31172","title":"Gormon Tyrell","description":"Tyrosh","body":"... a mind needs books as a sword needs a whetstone, if it is to keep its edge.","tagList":[],"createdAt":"2025-08-01T14:49:00.478Z","updatedAt":"2025-08-01T14:49:00.478Z","favorited":true,"favoritesCount":1,"author":{"username":"KarateTestDemo","bio":null,"image":"https://conduit-api.bondaracademy.com/images/smiley-cyrus.jpeg","following":false}},{"slug":"Manfred-Lothston-31172","title":"Manfred Lothston","description":"Chroyane","body":"Power is a curious thing. Who lives, Who dies. Power resides where men believe it resides. It is a trick, A shadow on the wall.","tagList":[],"createdAt":"2025-08-01T14:45:18.325Z","updatedAt":"2025-08-01T14:45:18.325Z","favorited":false,"favoritesCount":0,"author":{"username":"KarateTestDemo","bio":null,"image":"https://conduit-api.bondaracademy.com/images/smiley-cyrus.jpeg","following":false}},{"slug":"Archibald-Yronwood-31172","title":"Archibald Yronwood","description":"Braavos","body":"Do the dead frighten you?","tagList":[],"createdAt":"2025-08-01T14:44:50.937Z","updatedAt":"2025-08-01T14:44:50.937Z","favorited":false,"favoritesCount":0,"author":{"username":"KarateTestDemo","bio":null,"image":"https://conduit-api.bondaracademy.com/images/smiley-cyrus.jpeg","following":false}},{"slug":"Belgrave-31172","title":"Belgrave","description":"Vaes Dothrak","body":"... a mind needs books as a sword needs a whetstone, if it is to keep its edge.","tagList":[],"createdAt":"2025-08-01T14:43:19.800Z","updatedAt":"2025-08-01T14:43:19.800Z","favorited":false,"favoritesCount":0,"author":{"username":"KarateTestDemo","bio":null,"image":"https://conduit-api.bondaracademy.com/images/smiley-cyrus.jpeg","following":false}},{"slug":"Mebble-31172","title":"Mebble","description":"Astapor","body":"Do the dead frighten you?","tagList":[],"createdAt":"2025-08-01T12:54:57.260Z","updatedAt":"2025-08-01T12:54:57.260Z","favorited":false,"favoritesCount":0,"author":{"username":"KarateTestDemo","bio":null,"image":"https://conduit-api.bondaracademy.com/images/smiley-cyrus.jpeg","following":false}},{"slug":"Martyn-Rivers-31172","title":"Martyn Rivers","description":"Ar Noy","body":"Power is a curious thing. Who lives, Who dies. Power resides where men believe it resides. It is a trick, A shadow on the wall.","tagList":[],"createdAt":"2025-08-01T12:51:50.484Z","updatedAt":"2025-08-01T12:51:50.484Z","favorited":false,"favoritesCount":0,"author":{"username":"KarateTestDemo","bio":null,"image":"https://conduit-api.bondaracademy.com/images/smiley-cyrus.jpeg","following":false}},{"slug":"Malcolm-31172","title":"Malcolm","description":"Vaes Dothrak","body":"Things are not always as they seemed, much that may seem evil can be good.","tagList":[],"createdAt":"2025-08-01T12:50:05.335Z","updatedAt":"2025-08-01T12:50:05.335Z","favorited":false,"favoritesCount":0,"author":{"username":"KarateTestDemo","bio":null,"image":"https://conduit-api.bondaracademy.com/images/smiley-cyrus.jpeg","following":false}},{"slug":"Harma-31172","title":"Harma","description":"Tyria","body":"Never forget who you are. The rest of the world won't. Wear it like an armor and it can never be used against you.","tagList":[],"createdAt":"2025-08-01T12:03:21.109Z","updatedAt":"2025-08-01T12:03:21.109Z","favorited":false,"favoritesCount":0,"author":{"username":"KarateTestDemo","bio":null,"image":"https://conduit-api.bondaracademy.com/images/smiley-cyrus.jpeg","following":false}},{"slug":"Alester-Oakheart-31172","title":"Alester Oakheart","description":"Lannisport","body":"Knowledge could be more valuable than gold, more deadly than a dagger.","tagList":[],"createdAt":"2025-08-01T12:01:22.691Z","updatedAt":"2025-08-01T12:01:22.691Z","favorited":false,"favoritesCount":0,"author":{"username":"KarateTestDemo","bio":null,"image":"https://conduit-api.bondaracademy.com/images/smiley-cyrus.jpeg","following":false}}],"articlesCount":21}

10:44:56.481 [main] DEBUG com.jayway.jsonpath.internal.path.CompiledPath - Evaluating path: $
10:44:56.482 [main] DEBUG org.apache.http.client.protocol.RequestAddCookies - CookieSpec selected: karate
10:44:56.483 [main] DEBUG org.apache.http.client.protocol.RequestAuthCache - Auth cache not set in the context
10:44:56.483 [main] DEBUG com.intuit.karate - request:
5 > POST https://conduit-api.bondaracademy.com/api/articles/Ben-Blackthumb-31172/comments
5 > Authorization: Token eyJhbGciOiJIUzI1NiIsInR5cCI6IkpXVCJ9.eyJ1c2VyIjp7ImlkIjozMTE3Mn0sImlhdCI6MTc1NDA2MTQ2NiwiZXhwIjoxNzU5MjQ1NDY2fQ.VhzGCDE3SXHkc4SKjt8OwdHVU8A7rNq_zxKV1-NWkJQ
5 > Content-Type: application/json; charset=UTF-8
5 > Content-Length: 30
5 > Host: conduit-api.bondaracademy.com
5 > Connection: Keep-Alive
5 > User-Agent: Apache-HttpClient/4.5.12 (Java/21.0.7)
5 > Accept-Encoding: gzip,deflate
{"comment":{"body":"bla vla"}}

10:44:56.483 [main] DEBUG org.apache.http.impl.conn.PoolingHttpClientConnectionManager - Connection request: [route: {s}->https://conduit-api.bondaracademy.com:443][total available: 0; route allocated: 0 of 5; total allocated: 0 of 10]
10:44:56.483 [main] DEBUG org.apache.http.impl.conn.PoolingHttpClientConnectionManager - Connection leased: [id: 4][route: {s}->https://conduit-api.bondaracademy.com:443][total available: 0; route allocated: 1 of 5; total allocated: 1 of 10]
10:44:56.483 [main] DEBUG org.apache.http.impl.execchain.MainClientExec - Opening connection {s}->https://conduit-api.bondaracademy.com:443
10:44:56.483 [main] DEBUG org.apache.http.impl.conn.DefaultHttpClientConnectionOperator - Connecting to conduit-api.bondaracademy.com/172.253.118.121:443
10:44:56.483 [main] DEBUG org.apache.http.conn.ssl.SSLConnectionSocketFactory - Connecting socket to conduit-api.bondaracademy.com/172.253.118.121:443 with timeout 30000
10:44:56.526 [main] DEBUG org.apache.http.conn.ssl.SSLConnectionSocketFactory - Enabled protocols: [TLSv1.3, TLSv1.2]
10:44:56.527 [main] DEBUG org.apache.http.conn.ssl.SSLConnectionSocketFactory - Enabled cipher suites:[TLS_AES_256_GCM_SHA384, TLS_AES_128_GCM_SHA256, TLS_CHACHA20_POLY1305_SHA256, TLS_ECDHE_ECDSA_WITH_AES_256_GCM_SHA384, TLS_ECDHE_ECDSA_WITH_AES_128_GCM_SHA256, TLS_ECDHE_ECDSA_WITH_CHACHA20_POLY1305_SHA256, TLS_ECDHE_RSA_WITH_AES_256_GCM_SHA384, TLS_ECDHE_RSA_WITH_CHACHA20_POLY1305_SHA256, TLS_ECDHE_RSA_WITH_AES_128_GCM_SHA256, TLS_DHE_RSA_WITH_AES_256_GCM_SHA384, TLS_DHE_RSA_WITH_CHACHA20_POLY1305_SHA256, TLS_DHE_DSS_WITH_AES_256_GCM_SHA384, TLS_DHE_RSA_WITH_AES_128_GCM_SHA256, TLS_DHE_DSS_WITH_AES_128_GCM_SHA256, TLS_ECDHE_ECDSA_WITH_AES_256_CBC_SHA384, TLS_ECDHE_RSA_WITH_AES_256_CBC_SHA384, TLS_ECDHE_ECDSA_WITH_AES_128_CBC_SHA256, TLS_ECDHE_RSA_WITH_AES_128_CBC_SHA256, TLS_DHE_RSA_WITH_AES_256_CBC_SHA256, TLS_DHE_DSS_WITH_AES_256_CBC_SHA256, TLS_DHE_RSA_WITH_AES_128_CBC_SHA256, TLS_DHE_DSS_WITH_AES_128_CBC_SHA256, TLS_ECDHE_ECDSA_WITH_AES_256_CBC_SHA, TLS_ECDHE_RSA_WITH_AES_256_CBC_SHA, TLS_ECDHE_ECDSA_WITH_AES_128_CBC_SHA, TLS_ECDHE_RSA_WITH_AES_128_CBC_SHA, TLS_DHE_RSA_WITH_AES_256_CBC_SHA, TLS_DHE_DSS_WITH_AES_256_CBC_SHA, TLS_DHE_RSA_WITH_AES_128_CBC_SHA, TLS_DHE_DSS_WITH_AES_128_CBC_SHA, TLS_RSA_WITH_AES_256_GCM_SHA384, TLS_RSA_WITH_AES_128_GCM_SHA256, TLS_RSA_WITH_AES_256_CBC_SHA256, TLS_RSA_WITH_AES_128_CBC_SHA256, TLS_RSA_WITH_AES_256_CBC_SHA, TLS_RSA_WITH_AES_128_CBC_SHA, TLS_EMPTY_RENEGOTIATION_INFO_SCSV]
10:44:56.527 [main] DEBUG org.apache.http.conn.ssl.SSLConnectionSocketFactory - Starting handshake
10:44:56.578 [main] DEBUG org.apache.http.conn.ssl.SSLConnectionSocketFactory - Secure session established
10:44:56.579 [main] DEBUG org.apache.http.conn.ssl.SSLConnectionSocketFactory -  negotiated protocol: TLSv1.3
10:44:56.579 [main] DEBUG org.apache.http.conn.ssl.SSLConnectionSocketFactory -  negotiated cipher suite: TLS_AES_256_GCM_SHA384
10:44:56.579 [main] DEBUG org.apache.http.conn.ssl.SSLConnectionSocketFactory -  peer principal: CN=conduit-api.bondaracademy.com
10:44:56.579 [main] DEBUG org.apache.http.conn.ssl.SSLConnectionSocketFactory -  peer alternative names: [conduit-api.bondaracademy.com]
10:44:56.579 [main] DEBUG org.apache.http.conn.ssl.SSLConnectionSocketFactory -  issuer principal: CN=WR3, O=Google Trust Services, C=US
10:44:56.579 [main] DEBUG org.apache.http.impl.conn.DefaultHttpClientConnectionOperator - Connection established 9.79.238.166:63981<->172.253.118.121:443
10:44:56.579 [main] DEBUG org.apache.http.impl.conn.DefaultManagedHttpClientConnection - http-outgoing-4: set socket timeout to 30000
10:44:56.579 [main] DEBUG org.apache.http.impl.execchain.MainClientExec - Executing request POST /api/articles/Ben-Blackthumb-31172/comments HTTP/1.1
10:44:56.579 [main] DEBUG org.apache.http.impl.execchain.MainClientExec - Proxy auth state: UNCHALLENGED
10:44:56.579 [main] DEBUG org.apache.http.headers - http-outgoing-4 >> POST /api/articles/Ben-Blackthumb-31172/comments HTTP/1.1
10:44:56.579 [main] DEBUG org.apache.http.headers - http-outgoing-4 >> Authorization: Token eyJhbGciOiJIUzI1NiIsInR5cCI6IkpXVCJ9.eyJ1c2VyIjp7ImlkIjozMTE3Mn0sImlhdCI6MTc1NDA2MTQ2NiwiZXhwIjoxNzU5MjQ1NDY2fQ.VhzGCDE3SXHkc4SKjt8OwdHVU8A7rNq_zxKV1-NWkJQ
10:44:56.579 [main] DEBUG org.apache.http.headers - http-outgoing-4 >> Content-Type: application/json; charset=UTF-8
10:44:56.579 [main] DEBUG org.apache.http.headers - http-outgoing-4 >> Content-Length: 30
10:44:56.579 [main] DEBUG org.apache.http.headers - http-outgoing-4 >> Host: conduit-api.bondaracademy.com
10:44:56.579 [main] DEBUG org.apache.http.headers - http-outgoing-4 >> Connection: Keep-Alive
10:44:56.579 [main] DEBUG org.apache.http.headers - http-outgoing-4 >> User-Agent: Apache-HttpClient/4.5.12 (Java/21.0.7)
10:44:56.580 [main] DEBUG org.apache.http.headers - http-outgoing-4 >> Accept-Encoding: gzip,deflate
10:44:56.580 [main] DEBUG org.apache.http.wire - http-outgoing-4 >> "POST /api/articles/Ben-Blackthumb-31172/comments HTTP/1.1[\r][\n]"
10:44:56.580 [main] DEBUG org.apache.http.wire - http-outgoing-4 >> "Authorization: Token eyJhbGciOiJIUzI1NiIsInR5cCI6IkpXVCJ9.eyJ1c2VyIjp7ImlkIjozMTE3Mn0sImlhdCI6MTc1NDA2MTQ2NiwiZXhwIjoxNzU5MjQ1NDY2fQ.VhzGCDE3SXHkc4SKjt8OwdHVU8A7rNq_zxKV1-NWkJQ[\r][\n]"
10:44:56.580 [main] DEBUG org.apache.http.wire - http-outgoing-4 >> "Content-Type: application/json; charset=UTF-8[\r][\n]"
10:44:56.580 [main] DEBUG org.apache.http.wire - http-outgoing-4 >> "Content-Length: 30[\r][\n]"
10:44:56.580 [main] DEBUG org.apache.http.wire - http-outgoing-4 >> "Host: conduit-api.bondaracademy.com[\r][\n]"
10:44:56.580 [main] DEBUG org.apache.http.wire - http-outgoing-4 >> "Connection: Keep-Alive[\r][\n]"
10:44:56.580 [main] DEBUG org.apache.http.wire - http-outgoing-4 >> "User-Agent: Apache-HttpClient/4.5.12 (Java/21.0.7)[\r][\n]"
10:44:56.580 [main] DEBUG org.apache.http.wire - http-outgoing-4 >> "Accept-Encoding: gzip,deflate[\r][\n]"
10:44:56.580 [main] DEBUG org.apache.http.wire - http-outgoing-4 >> "[\r][\n]"
10:44:56.580 [main] DEBUG org.apache.http.wire - http-outgoing-4 >> "{"comment":{"body":"bla vla"}}"
10:44:56.908 [main] DEBUG org.apache.http.wire - http-outgoing-4 << "HTTP/1.1 200 OK[\r][\n]"
10:44:56.908 [main] DEBUG org.apache.http.wire - http-outgoing-4 << "x-powered-by: Express[\r][\n]"
10:44:56.908 [main] DEBUG org.apache.http.wire - http-outgoing-4 << "vary: Origin[\r][\n]"
10:44:56.908 [main] DEBUG org.apache.http.wire - http-outgoing-4 << "content-type: application/json; charset=utf-8[\r][\n]"
10:44:56.908 [main] DEBUG org.apache.http.wire - http-outgoing-4 << "etag: W/"104-EWdabRJZLJRUMIuJXz5l44rn1Ow"[\r][\n]"
10:44:56.908 [main] DEBUG org.apache.http.wire - http-outgoing-4 << "x-cloud-trace-context: 8c133d72c8e91789a276a78feadd618a[\r][\n]"
10:44:56.908 [main] DEBUG org.apache.http.wire - http-outgoing-4 << "date: Mon, 04 Aug 2025 05:14:57 GMT[\r][\n]"
10:44:56.908 [main] DEBUG org.apache.http.wire - http-outgoing-4 << "server: Google Frontend[\r][\n]"
10:44:56.908 [main] DEBUG org.apache.http.wire - http-outgoing-4 << "Content-Length: 260[\r][\n]"
10:44:56.908 [main] DEBUG org.apache.http.wire - http-outgoing-4 << "[\r][\n]"
10:44:56.908 [main] DEBUG org.apache.http.wire - http-outgoing-4 << "{"comment":{"id":92707,"createdAt":"2025-08-04T05:14:57.385Z","updatedAt":"2025-08-04T05:14:57.385Z","body":"bla vla","author":{"username":"KarateTestDemo","bio":null,"image":"https://conduit-api.bondaracademy.com/images/smiley-cyrus.jpeg","following":false}}}"
10:44:56.908 [main] DEBUG org.apache.http.headers - http-outgoing-4 << HTTP/1.1 200 OK
10:44:56.908 [main] DEBUG org.apache.http.headers - http-outgoing-4 << x-powered-by: Express
10:44:56.908 [main] DEBUG org.apache.http.headers - http-outgoing-4 << vary: Origin
10:44:56.908 [main] DEBUG org.apache.http.headers - http-outgoing-4 << content-type: application/json; charset=utf-8
10:44:56.908 [main] DEBUG org.apache.http.headers - http-outgoing-4 << etag: W/"104-EWdabRJZLJRUMIuJXz5l44rn1Ow"
10:44:56.908 [main] DEBUG org.apache.http.headers - http-outgoing-4 << x-cloud-trace-context: 8c133d72c8e91789a276a78feadd618a
10:44:56.908 [main] DEBUG org.apache.http.headers - http-outgoing-4 << date: Mon, 04 Aug 2025 05:14:57 GMT
10:44:56.908 [main] DEBUG org.apache.http.headers - http-outgoing-4 << server: Google Frontend
10:44:56.908 [main] DEBUG org.apache.http.headers - http-outgoing-4 << Content-Length: 260
10:44:56.908 [main] DEBUG org.apache.http.impl.execchain.MainClientExec - Connection can be kept alive indefinitely
10:44:56.908 [main] DEBUG org.apache.http.impl.conn.PoolingHttpClientConnectionManager - Connection [id: 4][route: {s}->https://conduit-api.bondaracademy.com:443] can be kept alive indefinitely
10:44:56.908 [main] DEBUG org.apache.http.impl.conn.DefaultManagedHttpClientConnection - http-outgoing-4: set socket timeout to 0
10:44:56.908 [main] DEBUG org.apache.http.impl.conn.PoolingHttpClientConnectionManager - Connection released: [id: 4][route: {s}->https://conduit-api.bondaracademy.com:443][total available: 1; route allocated: 1 of 5; total allocated: 1 of 10]
10:44:56.909 [main] DEBUG org.apache.http.impl.conn.PoolingHttpClientConnectionManager - Connection manager is shutting down
10:44:56.909 [main] DEBUG org.apache.http.impl.conn.DefaultManagedHttpClientConnection - http-outgoing-4: Close connection
10:44:56.909 [main] DEBUG org.apache.http.impl.conn.PoolingHttpClientConnectionManager - Connection manager shut down
10:44:56.909 [main] DEBUG com.intuit.karate - response time in milliseconds: 425
5 < 200
5 < x-powered-by: Express
5 < vary: Origin
5 < content-type: application/json; charset=utf-8
5 < etag: W/"104-EWdabRJZLJRUMIuJXz5l44rn1Ow"
5 < x-cloud-trace-context: 8c133d72c8e91789a276a78feadd618a
5 < date: Mon, 04 Aug 2025 05:14:57 GMT
5 < server: Google Frontend
5 < Content-Length: 260
{"comment":{"id":92707,"createdAt":"2025-08-04T05:14:57.385Z","updatedAt":"2025-08-04T05:14:57.385Z","body":"bla vla","author":{"username":"KarateTestDemo","bio":null,"image":"https://conduit-api.bondaracademy.com/images/smiley-cyrus.jpeg","following":false}}}

10:44:56.911 [main] DEBUG com.jayway.jsonpath.internal.path.CompiledPath - Evaluating path: $['comment']['body']
10:44:56.914 [main] DEBUG org.apache.http.client.protocol.RequestAddCookies - CookieSpec selected: karate
10:44:56.914 [main] DEBUG org.apache.http.client.protocol.RequestAuthCache - Auth cache not set in the context
10:44:56.914 [main] DEBUG com.intuit.karate - request:
6 > GET https://conduit-api.bondaracademy.com/api/articles/Ben-Blackthumb-31172/comments
6 > Authorization: Token eyJhbGciOiJIUzI1NiIsInR5cCI6IkpXVCJ9.eyJ1c2VyIjp7ImlkIjozMTE3Mn0sImlhdCI6MTc1NDA2MTQ2NiwiZXhwIjoxNzU5MjQ1NDY2fQ.VhzGCDE3SXHkc4SKjt8OwdHVU8A7rNq_zxKV1-NWkJQ
6 > Host: conduit-api.bondaracademy.com
6 > Connection: Keep-Alive
6 > User-Agent: Apache-HttpClient/4.5.12 (Java/21.0.7)
6 > Accept-Encoding: gzip,deflate


10:44:56.914 [main] DEBUG org.apache.http.impl.conn.PoolingHttpClientConnectionManager - Connection request: [route: {s}->https://conduit-api.bondaracademy.com:443][total available: 0; route allocated: 0 of 5; total allocated: 0 of 10]
10:44:56.914 [main] DEBUG org.apache.http.impl.conn.PoolingHttpClientConnectionManager - Connection leased: [id: 5][route: {s}->https://conduit-api.bondaracademy.com:443][total available: 0; route allocated: 1 of 5; total allocated: 1 of 10]
10:44:56.914 [main] DEBUG org.apache.http.impl.execchain.MainClientExec - Opening connection {s}->https://conduit-api.bondaracademy.com:443
10:44:56.915 [main] DEBUG org.apache.http.impl.conn.DefaultHttpClientConnectionOperator - Connecting to conduit-api.bondaracademy.com/172.253.118.121:443
10:44:56.915 [main] DEBUG org.apache.http.conn.ssl.SSLConnectionSocketFactory - Connecting socket to conduit-api.bondaracademy.com/172.253.118.121:443 with timeout 30000
10:44:56.957 [main] DEBUG org.apache.http.conn.ssl.SSLConnectionSocketFactory - Enabled protocols: [TLSv1.3, TLSv1.2]
10:44:56.957 [main] DEBUG org.apache.http.conn.ssl.SSLConnectionSocketFactory - Enabled cipher suites:[TLS_AES_256_GCM_SHA384, TLS_AES_128_GCM_SHA256, TLS_CHACHA20_POLY1305_SHA256, TLS_ECDHE_ECDSA_WITH_AES_256_GCM_SHA384, TLS_ECDHE_ECDSA_WITH_AES_128_GCM_SHA256, TLS_ECDHE_ECDSA_WITH_CHACHA20_POLY1305_SHA256, TLS_ECDHE_RSA_WITH_AES_256_GCM_SHA384, TLS_ECDHE_RSA_WITH_CHACHA20_POLY1305_SHA256, TLS_ECDHE_RSA_WITH_AES_128_GCM_SHA256, TLS_DHE_RSA_WITH_AES_256_GCM_SHA384, TLS_DHE_RSA_WITH_CHACHA20_POLY1305_SHA256, TLS_DHE_DSS_WITH_AES_256_GCM_SHA384, TLS_DHE_RSA_WITH_AES_128_GCM_SHA256, TLS_DHE_DSS_WITH_AES_128_GCM_SHA256, TLS_ECDHE_ECDSA_WITH_AES_256_CBC_SHA384, TLS_ECDHE_RSA_WITH_AES_256_CBC_SHA384, TLS_ECDHE_ECDSA_WITH_AES_128_CBC_SHA256, TLS_ECDHE_RSA_WITH_AES_128_CBC_SHA256, TLS_DHE_RSA_WITH_AES_256_CBC_SHA256, TLS_DHE_DSS_WITH_AES_256_CBC_SHA256, TLS_DHE_RSA_WITH_AES_128_CBC_SHA256, TLS_DHE_DSS_WITH_AES_128_CBC_SHA256, TLS_ECDHE_ECDSA_WITH_AES_256_CBC_SHA, TLS_ECDHE_RSA_WITH_AES_256_CBC_SHA, TLS_ECDHE_ECDSA_WITH_AES_128_CBC_SHA, TLS_ECDHE_RSA_WITH_AES_128_CBC_SHA, TLS_DHE_RSA_WITH_AES_256_CBC_SHA, TLS_DHE_DSS_WITH_AES_256_CBC_SHA, TLS_DHE_RSA_WITH_AES_128_CBC_SHA, TLS_DHE_DSS_WITH_AES_128_CBC_SHA, TLS_RSA_WITH_AES_256_GCM_SHA384, TLS_RSA_WITH_AES_128_GCM_SHA256, TLS_RSA_WITH_AES_256_CBC_SHA256, TLS_RSA_WITH_AES_128_CBC_SHA256, TLS_RSA_WITH_AES_256_CBC_SHA, TLS_RSA_WITH_AES_128_CBC_SHA, TLS_EMPTY_RENEGOTIATION_INFO_SCSV]
10:44:56.957 [main] DEBUG org.apache.http.conn.ssl.SSLConnectionSocketFactory - Starting handshake
10:44:57.009 [main] DEBUG org.apache.http.conn.ssl.SSLConnectionSocketFactory - Secure session established
10:44:57.010 [main] DEBUG org.apache.http.conn.ssl.SSLConnectionSocketFactory -  negotiated protocol: TLSv1.3
10:44:57.010 [main] DEBUG org.apache.http.conn.ssl.SSLConnectionSocketFactory -  negotiated cipher suite: TLS_AES_256_GCM_SHA384
10:44:57.010 [main] DEBUG org.apache.http.conn.ssl.SSLConnectionSocketFactory -  peer principal: CN=conduit-api.bondaracademy.com
10:44:57.010 [main] DEBUG org.apache.http.conn.ssl.SSLConnectionSocketFactory -  peer alternative names: [conduit-api.bondaracademy.com]
10:44:57.010 [main] DEBUG org.apache.http.conn.ssl.SSLConnectionSocketFactory -  issuer principal: CN=WR3, O=Google Trust Services, C=US
10:44:57.010 [main] DEBUG org.apache.http.impl.conn.DefaultHttpClientConnectionOperator - Connection established 9.79.238.166:63983<->172.253.118.121:443
[...]
[THYMELEAF]             * [* {th:formmethod,data-th-formmethod}] [1000]: org.thymeleaf.standard.processor.StandardRemovableAttributeTagProcessor
[THYMELEAF]             * [* {th:title,data-th-title}] [1000]: org.thymeleaf.standard.processor.StandardRemovableAttributeTagProcessor
[THYMELEAF]             * [* {th:audio,data-th-audio}] [1000]: org.thymeleaf.standard.processor.StandardRemovableAttributeTagProcessor
[THYMELEAF]             * [* {th:width,data-th-width}] [1000]: org.thymeleaf.standard.processor.StandardRemovableAttributeTagProcessor
[THYMELEAF]             * [* {th:max,data-th-max}] [1000]: org.thymeleaf.standard.processor.StandardRemovableAttributeTagProcessor
[THYMELEAF]             * [* {th:classid,data-th-classid}] [1000]: org.thymeleaf.standard.processor.StandardRemovableAttributeTagProcessor
[THYMELEAF]             * [* {th:vspace,data-th-vspace}] [1000]: org.thymeleaf.standard.processor.StandardRemovableAttributeTagProcessor
[THYMELEAF]             * [* {th:frame,data-th-frame}] [1000]: org.thymeleaf.standard.processor.StandardRemovableAttributeTagProcessor
[THYMELEAF]             * [* {th:data,data-th-data}] [1000]: org.thymeleaf.standard.processor.StandardRemovableAttributeTagProcessor
[THYMELEAF]             * [* {th:hreflang,data-th-hreflang}] [1000]: org.thymeleaf.standard.processor.StandardRemovableAttributeTagProcessor
[THYMELEAF]             * [* {th:kind,data-th-kind}] [1000]: org.thymeleaf.standard.processor.StandardRemovableAttributeTagProcessor
[THYMELEAF]             * [* {th:min,data-th-min}] [1000]: org.thymeleaf.standard.processor.StandardRemovableAttributeTagProcessor
[THYMELEAF]             * [* {th:rules,data-th-rules}] [1000]: org.thymeleaf.standard.processor.StandardRemovableAttributeTagProcessor
[THYMELEAF]             * [* {th:rel,data-th-rel}] [1000]: org.thymeleaf.standard.processor.StandardRemovableAttributeTagProcessor
[THYMELEAF]             * [* {th:span,data-th-span}] [1000]: org.thymeleaf.standard.processor.StandardRemovableAttributeTagProcessor
[THYMELEAF]             * [* {th:lang,data-th-lang}] [1000]: org.thymeleaf.standard.processor.StandardRemovableAttributeTagProcessor
[THYMELEAF]             * [* {th:rowspan,data-th-rowspan}] [1000]: org.thymeleaf.standard.processor.StandardRemovableAttributeTagProcessor
[THYMELEAF]             * [* {th:marginheight,data-th-marginheight}] [1000]: org.thymeleaf.standard.processor.StandardRemovableAttributeTagProcessor
[THYMELEAF]             * [* {th:http-equiv,data-th-http-equiv}] [1000]: org.thymeleaf.standard.processor.StandardRemovableAttributeTagProcessor
[THYMELEAF]             * [* {th:accept-charset,data-th-accept-charset}] [1000]: org.thymeleaf.standard.processor.StandardRemovableAttributeTagProcessor
[THYMELEAF]             * [* {th:icon,data-th-icon}] [1000]: org.thymeleaf.standard.processor.StandardRemovableAttributeTagProcessor
[THYMELEAF]             * [* {th:maxlength,data-th-maxlength}] [1000]: org.thymeleaf.standard.processor.StandardRemovableAttributeTagProcessor
[THYMELEAF]             * [* {th:media,data-th-media}] [1000]: org.thymeleaf.standard.processor.StandardRemovableAttributeTagProcessor
[THYMELEAF]             * [* {th:marginwidth,data-th-marginwidth}] [1000]: org.thymeleaf.standard.processor.StandardRemovableAttributeTagProcessor
[THYMELEAF]             * [* {th:datetime,data-th-datetime}] [1000]: org.thymeleaf.standard.processor.StandardRemovableAttributeTagProcessor
[THYMELEAF]             * [* {th:placeholder,data-th-placeholder}] [1000]: org.thymeleaf.standard.processor.StandardRemovableAttributeTagProcessor
[THYMELEAF]             * [* {th:preload,data-th-preload}] [1000]: org.thymeleaf.standard.processor.StandardRemovableAttributeTagProcessor
[THYMELEAF]             * [* {th:content,data-th-content}] [1000]: org.thymeleaf.standard.processor.StandardRemovableAttributeTagProcessor
[THYMELEAF]             * [* {th:scheme,data-th-scheme}] [1000]: org.thymeleaf.standard.processor.StandardRemovableAttributeTagProcessor
[THYMELEAF]             * [* {th:id,data-th-id}] [1000]: org.thymeleaf.standard.processor.StandardRemovableAttributeTagProcessor
[THYMELEAF]             * [* {th:accept,data-th-accept}] [1000]: org.thymeleaf.standard.processor.StandardRemovableAttributeTagProcessor
[THYMELEAF]             * [* {th:abbr,data-th-abbr}] [1000]: org.thymeleaf.standard.processor.StandardRemovableAttributeTagProcessor
[THYMELEAF]             * [* {th:step,data-th-step}] [1000]: org.thymeleaf.standard.processor.StandardRemovableAttributeTagProcessor
[THYMELEAF]             * [* {th:radiogroup,data-th-radiogroup}] [1000]: org.thymeleaf.standard.processor.StandardRemovableAttributeTagProcessor
[THYMELEAF]             * [* {th:poster,data-th-poster}] [1000]: org.thymeleaf.standard.processor.StandardRemovableAttributeTagProcessor
[THYMELEAF]             * [* {th:label,data-th-label}] [1000]: org.thymeleaf.standard.processor.StandardRemovableAttributeTagProcessor
[THYMELEAF]             * [* {th:codebase,data-th-codebase}] [1000]: org.thymeleaf.standard.processor.StandardRemovableAttributeTagProcessor
[THYMELEAF]             * [* {th:contextmenu,data-th-contextmenu}] [1000]: org.thymeleaf.standard.processor.StandardRemovableAttributeTagProcessor
[THYMELEAF]             * [* {th:cellspacing,data-th-cellspacing}] [1000]: org.thymeleaf.standard.processor.StandardRemovableAttributeTagProcessor
[THYMELEAF]             * [* {th:src,data-th-src}] [1000]: org.thymeleaf.standard.processor.StandardSrcTagProcessor
[THYMELEAF]             * [* {th:value,data-th-value}] [1000]: org.thymeleaf.standard.processor.StandardValueTagProcessor
[THYMELEAF]             * [* {th:xmlbase,data-th-xmlbase}] [1000]: org.thymeleaf.standard.processor.StandardXmlBaseTagProcessor
[THYMELEAF]             * [* {th:xmllang,data-th-xmllang}] [1000]: org.thymeleaf.standard.processor.StandardXmlLangTagProcessor
[THYMELEAF]             * [* {xmlns:th}] [1000]: org.thymeleaf.standard.processor.StandardXmlNsTagProcessor
[THYMELEAF]             * [* {th:xmlspace,data-th-xmlspace}] [1000]: org.thymeleaf.standard.processor.StandardXmlSpaceTagProcessor
[THYMELEAF]             * [* {th:classappend,data-th-classappend}] [1100]: org.thymeleaf.standard.processor.StandardClassappendTagProcessor
[THYMELEAF]             * [* {th:styleappend,data-th-styleappend}] [1100]: org.thymeleaf.standard.processor.StandardStyleappendTagProcessor
[THYMELEAF]             * [* {th:text,data-th-text}] [1300]: org.thymeleaf.standard.processor.StandardTextTagProcessor
[THYMELEAF]             * [* {th:utext,data-th-utext}] [1400]: org.thymeleaf.standard.processor.StandardUtextTagProcessor
[THYMELEAF]             * [* {th:fragment,data-th-fragment}] [1500]: org.thymeleaf.standard.processor.StandardFragmentTagProcessor
[THYMELEAF]             * [* {th:assert,data-th-assert}] [1550]: org.thymeleaf.standard.processor.StandardAssertTagProcessor
[THYMELEAF]             * [* {th:remove,data-th-remove}] [1600]: org.thymeleaf.standard.processor.StandardRemoveTagProcessor
[THYMELEAF]             * [* {th:ref,data-th-ref}] [10000]: org.thymeleaf.standard.processor.StandardRefAttributeTagProcessor
[THYMELEAF]             * [{th:block,th-block} *] [100000]: org.thymeleaf.standard.processor.StandardBlockTagProcessor
[THYMELEAF]             * [* th:*] [2147483647]: org.thymeleaf.standard.processor.StandardDefaultAttributesTagProcessor
[THYMELEAF]         * Text Processors by [precedence]:
[THYMELEAF]             * [1000]: org.thymeleaf.standard.processor.StandardInliningTextProcessor
[THYMELEAF]         * DOCTYPE Processors by [precedence]:
[THYMELEAF]             * [1000]: org.thymeleaf.standard.processor.StandardTranslationDocTypeProcessor
[THYMELEAF]         * CDATA Section Processors by [precedence]:
[THYMELEAF]             * [1000]: org.thymeleaf.standard.processor.StandardInliningCDATASectionProcessor
[THYMELEAF]         * Comment Processors by [precedence]:
[THYMELEAF]             * [1000]: org.thymeleaf.standard.processor.StandardInliningCommentProcessor
[THYMELEAF]             * [1100]: org.thymeleaf.standard.processor.StandardConditionalCommentProcessor
[THYMELEAF]     * Processors for Template Mode: XML
[THYMELEAF]         * Element Tag Processors by [matching element and attribute name] [precedence]:
[THYMELEAF]             * [* {th:include}] [100]: org.thymeleaf.standard.processor.StandardIncludeTagProcessor
[THYMELEAF]             * [* {th:insert}] [100]: org.thymeleaf.standard.processor.StandardInsertTagProcessor
[THYMELEAF]             * [* {th:replace}] [100]: org.thymeleaf.standard.processor.StandardReplaceTagProcessor
[THYMELEAF]             * [* {th:each}] [200]: com.intuit.karate.template.KarateEachTagProcessor
[THYMELEAF]             * [* {th:switch}] [250]: org.thymeleaf.standard.processor.StandardSwitchTagProcessor
[THYMELEAF]             * [* {th:case}] [275]: org.thymeleaf.standard.processor.StandardCaseTagProcessor
[THYMELEAF]             * [* {th:if}] [300]: org.thymeleaf.standard.processor.StandardIfTagProcessor
[THYMELEAF]             * [* {th:unless}] [400]: org.thymeleaf.standard.processor.StandardUnlessTagProcessor
[THYMELEAF]             * [* {th:object}] [500]: org.thymeleaf.standard.processor.StandardObjectTagProcessor
[THYMELEAF]             * [* {th:with}] [600]: com.intuit.karate.template.KarateWithTagProcessor
[THYMELEAF]             * [* {th:attr}] [700]: com.intuit.karate.template.KarateAttributeTagProcessor.KarateAttrTagProcessor
[THYMELEAF]             * [* {th:attrappend}] [900]: com.intuit.karate.template.KarateAttributeTagProcessor.KarateAttrappendTagProcessor
[THYMELEAF]             * [* {th:attrprepend}] [900]: com.intuit.karate.template.KarateAttributeTagProcessor.KarateAttrprependTagProcessor
[THYMELEAF]             * [* {th:inline}] [1000]: org.thymeleaf.standard.processor.StandardInlineXMLTagProcessor
[THYMELEAF]             * [* {xmlns:th}] [1000]: org.thymeleaf.standard.processor.StandardXmlNsTagProcessor
[THYMELEAF]             * [* {th:text}] [1300]: org.thymeleaf.standard.processor.StandardTextTagProcessor
[THYMELEAF]             * [* {th:utext}] [1400]: org.thymeleaf.standard.processor.StandardUtextTagProcessor
[THYMELEAF]             * [* {th:fragment}] [1500]: org.thymeleaf.standard.processor.StandardFragmentTagProcessor
[THYMELEAF]             * [* {th:assert}] [1550]: org.thymeleaf.standard.processor.StandardAssertTagProcessor
[THYMELEAF]             * [* {th:remove}] [1600]: org.thymeleaf.standard.processor.StandardRemoveTagProcessor
[THYMELEAF]             * [* {th:ref}] [10000]: org.thymeleaf.standard.processor.StandardRefAttributeTagProcessor
[THYMELEAF]             * [{th:block} *] [100000]: org.thymeleaf.standard.processor.StandardBlockTagProcessor
[THYMELEAF]             * [* th:*] [2147483647]: org.thymeleaf.standard.processor.StandardDefaultAttributesTagProcessor
[THYMELEAF]         * Text Processors by [precedence]:
[THYMELEAF]             * [1000]: org.thymeleaf.standard.processor.StandardInliningTextProcessor
[THYMELEAF]         * CDATA Section Processors by [precedence]:
[THYMELEAF]             * [1000]: org.thymeleaf.standard.processor.StandardInliningCDATASectionProcessor
[THYMELEAF]         * Comment Processors by [precedence]:
[THYMELEAF]             * [1000]: org.thymeleaf.standard.processor.StandardInliningCommentProcessor
[THYMELEAF]     * Processors for Template Mode: TEXT
[THYMELEAF]         * Element Tag Processors by [matching element and attribute name] [precedence]:
[THYMELEAF]             * [* {th:insert}] [100]: org.thymeleaf.standard.processor.StandardInsertTagProcessor
[THYMELEAF]             * [* {th:replace}] [100]: org.thymeleaf.standard.processor.StandardReplaceTagProcessor
[THYMELEAF]             * [* {th:each}] [200]: com.intuit.karate.template.KarateEachTagProcessor
[THYMELEAF]             * [* {th:switch}] [250]: org.thymeleaf.standard.processor.StandardSwitchTagProcessor
[THYMELEAF]             * [* {th:case}] [275]: org.thymeleaf.standard.processor.StandardCaseTagProcessor
[THYMELEAF]             * [* {th:if}] [300]: org.thymeleaf.standard.processor.StandardIfTagProcessor
[THYMELEAF]             * [* {th:unless}] [400]: org.thymeleaf.standard.processor.StandardUnlessTagProcessor
[THYMELEAF]             * [* {th:object}] [500]: org.thymeleaf.standard.processor.StandardObjectTagProcessor
[THYMELEAF]             * [* {th:with}] [600]: com.intuit.karate.template.KarateWithTagProcessor
[THYMELEAF]             * [* {th:inline}] [1000]: org.thymeleaf.standard.processor.StandardInlineTextualTagProcessor
[THYMELEAF]             * [* {th:text}] [1300]: org.thymeleaf.standard.processor.StandardTextTagProcessor
[THYMELEAF]             * [* {th:utext}] [1400]: org.thymeleaf.standard.processor.StandardUtextTagProcessor
[THYMELEAF]             * [* {th:assert}] [1550]: org.thymeleaf.standard.processor.StandardAssertTagProcessor
[THYMELEAF]             * [* {th:remove}] [1600]: org.thymeleaf.standard.processor.StandardRemoveTagProcessor
[THYMELEAF]             * [* 100000] [org.thymeleaf.standard.processor.StandardBlockTagProcessor]: {}
[THYMELEAF]             * [{th:block} *] [100000]: org.thymeleaf.standard.processor.StandardBlockTagProcessor
[THYMELEAF]         * Text Processors by [precedence]:
[THYMELEAF]             * [1000]: org.thymeleaf.standard.processor.StandardInliningTextProcessor
[THYMELEAF]     * Processors for Template Mode: JAVASCRIPT
[THYMELEAF]         * Element Tag Processors by [matching element and attribute name] [precedence]:
[THYMELEAF]             * [* {th:insert}] [100]: org.thymeleaf.standard.processor.StandardInsertTagProcessor
[THYMELEAF]             * [* {th:replace}] [100]: org.thymeleaf.standard.processor.StandardReplaceTagProcessor
[THYMELEAF]             * [* {th:each}] [200]: com.intuit.karate.template.KarateEachTagProcessor
[THYMELEAF]             * [* {th:switch}] [250]: org.thymeleaf.standard.processor.StandardSwitchTagProcessor
[THYMELEAF]             * [* {th:case}] [275]: org.thymeleaf.standard.processor.StandardCaseTagProcessor
[THYMELEAF]             * [* {th:if}] [300]: org.thymeleaf.standard.processor.StandardIfTagProcessor
[THYMELEAF]             * [* {th:unless}] [400]: org.thymeleaf.standard.processor.StandardUnlessTagProcessor
[THYMELEAF]             * [* {th:object}] [500]: org.thymeleaf.standard.processor.StandardObjectTagProcessor
[THYMELEAF]             * [* {th:with}] [600]: com.intuit.karate.template.KarateWithTagProcessor
[THYMELEAF]             * [* {th:inline}] [1000]: org.thymeleaf.standard.processor.StandardInlineTextualTagProcessor
[THYMELEAF]             * [* {th:text}] [1300]: org.thymeleaf.standard.processor.StandardTextTagProcessor
[THYMELEAF]             * [* {th:utext}] [1400]: org.thymeleaf.standard.processor.StandardUtextTagProcessor
[THYMELEAF]             * [* {th:assert}] [1550]: org.thymeleaf.standard.processor.StandardAssertTagProcessor
[THYMELEAF]             * [* {th:remove}] [1600]: org.thymeleaf.standard.processor.StandardRemoveTagProcessor
[THYMELEAF]             * [{th:block} *] [100000]: org.thymeleaf.standard.processor.StandardBlockTagProcessor
[THYMELEAF]             * [* 100000] [org.thymeleaf.standard.processor.StandardBlockTagProcessor]: {}
[THYMELEAF]         * Text Processors by [precedence]:
[THYMELEAF]             * [1000]: org.thymeleaf.standard.processor.StandardInliningTextProcessor
[THYMELEAF]     * Processors for Template Mode: CSS
[THYMELEAF]         * Element Tag Processors by [matching element and attribute name] [precedence]:
[THYMELEAF]             * [* {th:insert}] [100]: org.thymeleaf.standard.processor.StandardInsertTagProcessor
[THYMELEAF]             * [* {th:replace}] [100]: org.thymeleaf.standard.processor.StandardReplaceTagProcessor
[THYMELEAF]             * [* {th:each}] [200]: com.intuit.karate.template.KarateEachTagProcessor
[THYMELEAF]             * [* {th:switch}] [250]: org.thymeleaf.standard.processor.StandardSwitchTagProcessor
[THYMELEAF]             * [* {th:case}] [275]: org.thymeleaf.standard.processor.StandardCaseTagProcessor
[THYMELEAF]             * [* {th:if}] [300]: org.thymeleaf.standard.processor.StandardIfTagProcessor
[THYMELEAF]             * [* {th:unless}] [400]: org.thymeleaf.standard.processor.StandardUnlessTagProcessor
[THYMELEAF]             * [* {th:object}] [500]: org.thymeleaf.standard.processor.StandardObjectTagProcessor
[THYMELEAF]             * [* {th:with}] [600]: com.intuit.karate.template.KarateWithTagProcessor
[THYMELEAF]             * [* {th:inline}] [1000]: org.thymeleaf.standard.processor.StandardInlineTextualTagProcessor
[THYMELEAF]             * [* {th:text}] [1300]: org.thymeleaf.standard.processor.StandardTextTagProcessor
[THYMELEAF]             * [* {th:utext}] [1400]: org.thymeleaf.standard.processor.StandardUtextTagProcessor
[THYMELEAF]             * [* {th:assert}] [1550]: org.thymeleaf.standard.processor.StandardAssertTagProcessor
[THYMELEAF]             * [* {th:remove}] [1600]: org.thymeleaf.standard.processor.StandardRemoveTagProcessor
[THYMELEAF]             * [{th:block} *] [100000]: org.thymeleaf.standard.processor.StandardBlockTagProcessor
[THYMELEAF]             * [* 100000] [org.thymeleaf.standard.processor.StandardBlockTagProcessor]: {}
[THYMELEAF]         * Text Processors by [precedence]:
[THYMELEAF]             * [1000]: org.thymeleaf.standard.processor.StandardInliningTextProcessor
[THYMELEAF]     * Expression Objects:
[THYMELEAF]         * #ctx
[THYMELEAF]         * #root
[THYMELEAF]         * #vars
[THYMELEAF]         * #object
[THYMELEAF]         * #locale
[THYMELEAF]         * #conversions
[THYMELEAF]         * #uris
[THYMELEAF]         * #temporals
[THYMELEAF]         * #calendars
[THYMELEAF]         * #dates
[THYMELEAF]         * #bools
[THYMELEAF]         * #numbers
[THYMELEAF]         * #objects
[THYMELEAF]         * #strings
[THYMELEAF]         * #arrays
[THYMELEAF]         * #lists
[THYMELEAF]         * #sets
[THYMELEAF]         * #maps
[THYMELEAF]         * #aggregates
[THYMELEAF]         * #messages
[THYMELEAF]         * #ids
[THYMELEAF]         * #execInfo
[THYMELEAF]         * #request
[THYMELEAF]         * #response
[THYMELEAF]         * #session
[THYMELEAF]         * #servletContext
[THYMELEAF]     * Execution Attributes:
[THYMELEAF]         * "StandardExpressionParser": com.intuit.karate.template.KarateStandardDialect@13dc6649
[THYMELEAF]         * "StandardJavaScriptSerializer": org.thymeleaf.standard.serializer.StandardJavaScriptSerializer@11c3ce6a
[THYMELEAF]         * "StandardCSSSerializer": org.thymeleaf.standard.serializer.StandardCSSSerializer@1a3b1f7e
[THYMELEAF]         * "StandardVariableExpressionEvaluator": com.intuit.karate.template.KarateStandardDialect@13dc6649
[THYMELEAF]         * "StandardConversionService": org.thymeleaf.standard.expression.StandardConversionService@22899683
[THYMELEAF] * Dialect [2 of 2]: karate (com.intuit.karate.template.KarateScriptDialect)
[THYMELEAF]     * Prefix: "ka"
[THYMELEAF]     * Processors for Template Mode: HTML
[THYMELEAF]         * Element Tag Processors by [matching element and attribute name] [precedence]:
[THYMELEAF]             * [* {src}] [1000]: com.intuit.karate.template.KaScriptAttrProcessor
[THYMELEAF]         * Element Model Processors by [matching element and attribute name] [precedence]:
[THYMELEAF]             * [{script} {ka:scope,data-ka-scope}] [1000]: com.intuit.karate.template.KaScriptElemProcessor
[THYMELEAF]             * [* {ka:set,data-ka-set}] [1000]: com.intuit.karate.template.KaSetElemProcessor
[THYMELEAF] TEMPLATE ENGINE CONFIGURED OK
10:44:59.120 [main] DEBUG org.thymeleaf.TemplateEngine - [THYMELEAF] TEMPLATE ENGINE INITIALIZED

HTML report: (paste into browser to view) | Karate version: 1.4.1
file:///C:/Users/VENKATAPRAVEENKUMARB/eclipse-workspace/Karate_Framework/target/karate-reports/karate-summary.html
===================================================================

]]></system-out>
  </testcase>
</testsuite>